[0.068s] Invoking command in '/home/maroqi/Projects/RobotProjects/ROS2Projects/imu_ws/build/imu_madgwick': CMAKE_PREFIX_PATH=/opt/ros/foxy /usr/bin/cmake --build /home/maroqi/Projects/RobotProjects/ROS2Projects/imu_ws/build/imu_madgwick -- -j2 -l2
[0.231s] [35m[1mScanning dependencies of target imu_madgwick[0m
[0.323s] [ 33%] [32mBuilding CXX object CMakeFiles/imu_madgwick.dir/src/imu_madgwick/imu_filter.cpp.o[0m
[0.392s] In file included from [01m[K/home/maroqi/Projects/RobotProjects/ROS2Projects/imu_ws/src/imu_madgwick/src/imu_madgwick/imu_filter.cpp:26[m[K:
[0.392s] [01m[K/home/maroqi/Projects/RobotProjects/ROS2Projects/imu_ws/src/imu_madgwick/include/imu_madgwick/imu_filter.h:28:10:[m[K [01;31m[Kfatal error: [m[Kimu_filter_madgwick/world_frame.h: No such file or directory
[0.393s]    28 | #include [01;31m[K<imu_filter_madgwick/world_frame.h>[m[K
[0.393s]       |          [01;31m[K^~~~~~~~~~~~~~~~~~~~~~~~~~~~~~~~~~~[m[K
[0.393s] compilation terminated.
[0.411s] make[2]: *** [CMakeFiles/imu_madgwick.dir/build.make:63: CMakeFiles/imu_madgwick.dir/src/imu_madgwick/imu_filter.cpp.o] Error 1
[0.412s] make[1]: *** [CMakeFiles/Makefile2:78: CMakeFiles/imu_madgwick.dir/all] Error 2
[0.413s] make: *** [Makefile:141: all] Error 2
[0.414s] Invoked command in '/home/maroqi/Projects/RobotProjects/ROS2Projects/imu_ws/build/imu_madgwick' returned '2': CMAKE_PREFIX_PATH=/opt/ros/foxy /usr/bin/cmake --build /home/maroqi/Projects/RobotProjects/ROS2Projects/imu_ws/build/imu_madgwick -- -j2 -l2
