[0.073s] Invoking command in '/home/maroqi/Projects/RobotProjects/ROS2Projects/imu-test/imu_ws/build/imu_madgwick': CMAKE_PREFIX_PATH=${CMAKE_PREFIX_PATH}:/home/maroqi/Projects/RobotProjects/ROS2Projects/imu-test/imu_ws/install/wbt_imu:/opt/ros/foxy /usr/bin/cmake --build /home/maroqi/Projects/RobotProjects/ROS2Projects/imu-test/imu_ws/build/imu_madgwick -- -j2 -l2
[0.392s] [35m[1mScanning dependencies of target imu_madgwick[0m
[0.571s] [ 12%] [32mBuilding CXX object CMakeFiles/imu_madgwick.dir/src/imu_madgwick/imu.cpp.o[0m
[9.028s] In file included from [01m[K/home/maroqi/Projects/RobotProjects/ROS2Projects/imu-test/imu_ws/src/imu_madgwick/src/imu_madgwick/imu.cpp:31[m[K:
[9.028s] [01m[K/home/maroqi/Projects/RobotProjects/ROS2Projects/imu-test/imu_ws/src/imu_madgwick/include/imu_madgwick/imu.hpp:55:18:[m[K [01;31m[Kerror: [m[Kinvalid use of incomplete type â€˜[01m[Kstd::ofstream[m[Kâ€™ {aka â€˜[01m[Kclass std::basic_ofstream<char>[m[Kâ€™}
[9.029s]    55 |   std::ofstream::[01;31m[Kofstream[m[K outdata;
[9.029s]       |                  [01;31m[K^~~~~~~~[m[K
[9.029s] In file included from [01m[K/usr/include/c++/9/memory:72[m[K,
[9.030s]                  from [01m[K/opt/ros/foxy/include/rclcpp/rclcpp.hpp:144[m[K,
[9.033s]                  from [01m[K/home/maroqi/Projects/RobotProjects/ROS2Projects/imu-test/imu_ws/src/imu_madgwick/src/imu_madgwick/imu.cpp:25[m[K:
[9.033s] [01m[K/usr/include/c++/9/iosfwd:119:11:[m[K [01;36m[Knote: [m[Kdeclaration of â€˜[01m[Kstd::ofstream[m[Kâ€™ {aka â€˜[01m[Kclass std::basic_ofstream<char>[m[Kâ€™}
[9.033s]   119 |     class [01;36m[Kbasic_ofstream[m[K;
[9.033s]       |           [01;36m[K^~~~~~~~~~~~~~[m[K
[9.272s] [01m[K/home/maroqi/Projects/RobotProjects/ROS2Projects/imu-test/imu_ws/src/imu_madgwick/src/imu_madgwick/imu.cpp:[m[K In constructor â€˜[01m[KImu::Imu(std::string)[m[Kâ€™:
[9.273s] [01m[K/home/maroqi/Projects/RobotProjects/ROS2Projects/imu-test/imu_ws/src/imu_madgwick/src/imu_madgwick/imu.cpp:52:3:[m[K [01;31m[Kerror: [m[Kâ€˜[01m[Koutdata[m[Kâ€™ was not declared in this scope
[9.273s]    52 |   [01;31m[Koutdata[m[K.open("madgwick.txt");
[9.273s]       |   [01;31m[K^~~~~~~[m[K
[9.439s] [01m[K/home/maroqi/Projects/RobotProjects/ROS2Projects/imu-test/imu_ws/src/imu_madgwick/src/imu_madgwick/imu.cpp:[m[K In member function â€˜[01m[Kvoid Imu::imuCallback(sensor_msgs::msg::Imu_<std::allocator<void> >::SharedPtr)[m[Kâ€™:
[9.440s] [01m[K/home/maroqi/Projects/RobotProjects/ROS2Projects/imu-test/imu_ws/src/imu_madgwick/src/imu_madgwick/imu.cpp:71:5:[m[K [01;31m[Kerror: [m[Kâ€˜[01m[Koutdata[m[Kâ€™ was not declared in this scope
[9.440s]    71 |     [01;31m[Koutdata[m[K << "ax " << lin_acc.x << ", ay " << lin_acc.y ", az " lin_acc.z << std::endl;
[9.440s]       |     [01;31m[K^~~~~~~[m[K
[9.471s] [01m[K/home/maroqi/Projects/RobotProjects/ROS2Projects/imu-test/imu_ws/src/imu_madgwick/src/imu_madgwick/imu.cpp:[m[K In member function â€˜[01m[Kvoid Imu::publishFilteredMsg(sensor_msgs::msg::Imu_<std::allocator<void> >::SharedPtr)[m[Kâ€™:
[9.471s] [01m[K/home/maroqi/Projects/RobotProjects/ROS2Projects/imu-test/imu_ws/src/imu_madgwick/src/imu_madgwick/imu.cpp:151:5:[m[K [01;31m[Kerror: [m[Kâ€˜[01m[Koutdata[m[Kâ€™ was not declared in this scope
[9.472s]   151 |     [01;31m[Koutdata[m[K << "roll " << roll << ", pitch " << pitch ", yaw " yaw << std::endl;
[9.472s]       |     [01;31m[K^~~~~~~[m[K
[9.480s] [01m[K/home/maroqi/Projects/RobotProjects/ROS2Projects/imu-test/imu_ws/src/imu_madgwick/src/imu_madgwick/imu.cpp:153:5:[m[K [01;31m[Kerror: [m[Kâ€˜[01m[Koutdata[m[Kâ€™ was not declared in this scope
[9.481s]   153 |     [01;31m[Koutdata[m[K.close();
[9.485s]       |     [01;31m[K^~~~~~~[m[K
[18.538s] make[2]: *** [CMakeFiles/imu_madgwick.dir/build.make:89: CMakeFiles/imu_madgwick.dir/src/imu_madgwick/imu.cpp.o] Error 1
[18.547s] make[1]: *** [CMakeFiles/Makefile2:136: CMakeFiles/imu_madgwick.dir/all] Error 2
[18.547s] make: *** [Makefile:141: all] Error 2
