[01m[K/home/maroqi/Projects/RobotProjects/imu-test/imu_ws/src/imu_madgwick/src/imu_madgwick/imu.cpp:[m[K In lambda function:
[01m[K/home/maroqi/Projects/RobotProjects/imu-test/imu_ws/src/imu_madgwick/src/imu_madgwick/imu.cpp:65:7:[m[K [01;31m[Kerror: [m[Kâ€˜[01m[Kimu_frame[m[Kâ€™ was not declared in this scope
   65 |       [01;31m[Kimu_frame[m[K = imu_msg_raw->header.frame_id;
      |       [01;31m[K^~~~~~~~~[m[K
[01m[K/home/maroqi/Projects/RobotProjects/imu-test/imu_ws/src/imu_madgwick/src/imu_madgwick/imu.cpp:69:55:[m[K [01;31m[Kerror: [m[Kâ€˜[01m[Kworld_frame[m[Kâ€™ was not declared in this scope; did you mean â€˜[01m[KWorldFrame[m[Kâ€™?
   69 |         if (!StatelessOrientation::computeOrientation([01;31m[Kworld_frame[m[K, lin_acc, init_q)) {
      |                                                       [01;31m[K^~~~~~~~~~~[m[K
      |                                                       [32m[KWorldFrame[m[K
make[2]: *** [CMakeFiles/imu_madgwick.dir/build.make:89: CMakeFiles/imu_madgwick.dir/src/imu_madgwick/imu.cpp.o] Error 1
make[1]: *** [CMakeFiles/Makefile2:78: CMakeFiles/imu_madgwick.dir/all] Error 2
make: *** [Makefile:141: all] Error 2
