[0.073s] Invoking command in '/home/maroqi/Projects/RobotProjects/ROS2Projects/imu-test/imu_ws/build/imu_madgwick': CMAKE_PREFIX_PATH=${CMAKE_PREFIX_PATH}:/home/maroqi/Projects/RobotProjects/ROS2Projects/imu-test/imu_ws/install/wbt_imu:/opt/ros/foxy /usr/bin/cmake --build /home/maroqi/Projects/RobotProjects/ROS2Projects/imu-test/imu_ws/build/imu_madgwick -- -j2 -l2
[0.555s] [35m[1mScanning dependencies of target imu_madgwick[0m
[0.744s] [ 12%] [32mBuilding CXX object CMakeFiles/imu_madgwick.dir/src/imu_madgwick/imu.cpp.o[0m
[10.995s] In file included from [01m[K/home/maroqi/Projects/RobotProjects/ROS2Projects/imu-test/imu_ws/src/imu_madgwick/src/imu_madgwick/imu.cpp:31[m[K:
[10.995s] [01m[K/home/maroqi/Projects/RobotProjects/ROS2Projects/imu-test/imu_ws/src/imu_madgwick/include/imu_madgwick/imu.hpp:55:17:[m[K [01;31m[Kerror: [m[Kfield â€˜[01m[Koutdata[m[Kâ€™ has incomplete type â€˜[01m[Kstd::ofstream[m[Kâ€™ {aka â€˜[01m[Kstd::basic_ofstream<char>[m[Kâ€™}
[10.995s]    55 |   std::ofstream [01;31m[Koutdata[m[K;
[10.996s]       |                 [01;31m[K^~~~~~~[m[K
[11.003s] In file included from [01m[K/usr/include/c++/9/memory:72[m[K,
[11.003s]                  from [01m[K/opt/ros/foxy/include/rclcpp/rclcpp.hpp:144[m[K,
[11.004s]                  from [01m[K/home/maroqi/Projects/RobotProjects/ROS2Projects/imu-test/imu_ws/src/imu_madgwick/src/imu_madgwick/imu.cpp:25[m[K:
[11.004s] [01m[K/usr/include/c++/9/iosfwd:119:11:[m[K [01;36m[Knote: [m[Kdeclaration of â€˜[01m[Kstd::ofstream[m[Kâ€™ {aka â€˜[01m[Kclass std::basic_ofstream<char>[m[Kâ€™}
[11.004s]   119 |     class [01;36m[Kbasic_ofstream[m[K;
[11.004s]       |           [01;36m[K^~~~~~~~~~~~~~[m[K
[20.126s] make[2]: *** [CMakeFiles/imu_madgwick.dir/build.make:89: CMakeFiles/imu_madgwick.dir/src/imu_madgwick/imu.cpp.o] Error 1
[20.127s] make[1]: *** [CMakeFiles/Makefile2:136: CMakeFiles/imu_madgwick.dir/all] Error 2
[20.127s] make: *** [Makefile:141: all] Error 2
[20.140s] Invoked command in '/home/maroqi/Projects/RobotProjects/ROS2Projects/imu-test/imu_ws/build/imu_madgwick' returned '2': CMAKE_PREFIX_PATH=${CMAKE_PREFIX_PATH}:/home/maroqi/Projects/RobotProjects/ROS2Projects/imu-test/imu_ws/install/wbt_imu:/opt/ros/foxy /usr/bin/cmake --build /home/maroqi/Projects/RobotProjects/ROS2Projects/imu-test/imu_ws/build/imu_madgwick -- -j2 -l2
