[0.028s] Invoking command in '/home/maroqi/Projects/RobotProjects/ROS2Projects/imu_ws/build/imu_madgwick': CMAKE_PREFIX_PATH=/opt/ros/foxy /usr/bin/cmake --build /home/maroqi/Projects/RobotProjects/ROS2Projects/imu_ws/build/imu_madgwick -- -j2 -l2
[0.183s] [35m[1mScanning dependencies of target imu_madgwick[0m
[0.307s] [ 25%] [32mBuilding CXX object CMakeFiles/imu_madgwick.dir/src/imu_madgwick/stateless_orientation.cpp.o[0m
[0.443s] In file included from [01m[K/home/maroqi/Projects/RobotProjects/ROS2Projects/imu_ws/src/imu_madgwick/src/imu_madgwick/stateless_orientation.cpp:25[m[K:
[0.443s] [01m[K/home/maroqi/Projects/RobotProjects/ROS2Projects/imu_ws/src/imu_madgwick/include/imu_madgwick/stateless_orientation.hpp:30:10:[m[K [01;31m[Kfatal error: [m[Kimu_madgwick/world_frame.h: No such file or directory
[0.444s]    30 | #include [01;31m[K<imu_madgwick/world_frame.h>[m[K
[0.444s]       |          [01;31m[K^~~~~~~~~~~~~~~~~~~~~~~~~~~~[m[K
[0.444s] compilation terminated.
[0.451s] make[2]: *** [CMakeFiles/imu_madgwick.dir/build.make:76: CMakeFiles/imu_madgwick.dir/src/imu_madgwick/stateless_orientation.cpp.o] Error 1
[0.452s] make[1]: *** [CMakeFiles/Makefile2:78: CMakeFiles/imu_madgwick.dir/all] Error 2
[0.459s] make: *** [Makefile:141: all] Error 2
[0.461s] Invoked command in '/home/maroqi/Projects/RobotProjects/ROS2Projects/imu_ws/build/imu_madgwick' returned '2': CMAKE_PREFIX_PATH=/opt/ros/foxy /usr/bin/cmake --build /home/maroqi/Projects/RobotProjects/ROS2Projects/imu_ws/build/imu_madgwick -- -j2 -l2
