[0.048s] Invoking command in '/home/maroqi/Projects/RobotProjects/imu-test/imu_ws/build/imu_madgwick': CMAKE_PREFIX_PATH=/opt/ros/foxy /usr/bin/cmake /home/maroqi/Projects/RobotProjects/imu-test/imu_ws/src/imu_madgwick -DCMAKE_INSTALL_PREFIX=/home/maroqi/Projects/RobotProjects/imu-test/imu_ws/install/imu_madgwick
[0.447s] -- The C compiler identification is GNU 9.3.0
[0.768s] -- The CXX compiler identification is GNU 9.3.0
[0.802s] -- Check for working C compiler: /usr/bin/cc
[1.010s] -- Check for working C compiler: /usr/bin/cc -- works
[1.013s] -- Detecting C compiler ABI info
[1.272s] -- Detecting C compiler ABI info - done
[1.317s] -- Detecting C compile features
[1.318s] -- Detecting C compile features - done
[1.331s] -- Check for working CXX compiler: /usr/bin/c++
[1.548s] -- Check for working CXX compiler: /usr/bin/c++ -- works
[1.550s] -- Detecting CXX compiler ABI info
[1.733s] -- Detecting CXX compiler ABI info - done
[1.777s] -- Detecting CXX compile features
[1.778s] -- Detecting CXX compile features - done
[1.804s] -- Found ament_cmake: 0.9.8 (/opt/ros/foxy/share/ament_cmake/cmake)
[1.890s] -- Found PythonInterp: /usr/bin/python3 (found suitable version "3.8.5", minimum required is "3") 
[1.890s] -- Using PYTHON_EXECUTABLE: /usr/bin/python3
[2.502s] -- Found rclcpp: 2.3.0 (/opt/ros/foxy/share/rclcpp/cmake)
[2.677s] -- Using all available rosidl_typesupport_c: rosidl_typesupport_fastrtps_c;rosidl_typesupport_introspection_c
[2.701s] -- Found rosidl_adapter: 1.2.0 (/opt/ros/foxy/share/rosidl_adapter/cmake)
[2.933s] -- Found OpenSSL: /usr/lib/x86_64-linux-gnu/libcrypto.so (found version "1.1.1f")  
[3.014s] -- Found FastRTPS: /opt/ros/foxy/include  
[3.266s] -- Using all available rosidl_typesupport_cpp: rosidl_typesupport_fastrtps_cpp;rosidl_typesupport_introspection_cpp
[3.493s] -- Found rmw_implementation_cmake: 1.0.2 (/opt/ros/foxy/share/rmw_implementation_cmake/cmake)
[3.502s] -- Using RMW implementation 'rmw_fastrtps_cpp' as default
[3.507s] -- Looking for pthread.h
[3.723s] -- Looking for pthread.h - found
[3.728s] -- Performing Test CMAKE_HAVE_LIBC_PTHREAD
[4.038s] -- Performing Test CMAKE_HAVE_LIBC_PTHREAD - Failed
[4.039s] -- Looking for pthread_create in pthreads
[4.215s] -- Looking for pthread_create in pthreads - not found
[4.216s] -- Looking for pthread_create in pthread
[4.388s] -- Looking for pthread_create in pthread - found
[4.389s] -- Found Threads: TRUE  
[5.006s] -- Found sensor_msgs: 2.0.3 (/opt/ros/foxy/share/sensor_msgs/cmake)
[5.405s] -- Found tf2: 0.13.9 (/opt/ros/foxy/share/tf2/cmake)
[5.447s] -- Found tf2_geometry_msgs: 0.13.9 (/opt/ros/foxy/share/tf2_geometry_msgs/cmake)
[5.476s] -- Found eigen3_cmake_module: 0.1.1 (/opt/ros/foxy/share/eigen3_cmake_module/cmake)
[5.486s] -- Found Eigen3: TRUE (found version "3.3.7") 
[6.803s] -- Found pluginlib: 2.5.3 (/opt/ros/foxy/share/pluginlib/cmake)
[6.900s] -- Found Boost: /usr/lib/x86_64-linux-gnu/cmake/Boost-1.71.0/BoostConfig.cmake (found version "1.71.0") found components: system thread 
[6.919s] -- Found ament_lint_auto: 0.9.6 (/opt/ros/foxy/share/ament_lint_auto/cmake)
[7.190s] -- Added test 'copyright' to check source files copyright and LICENSE
[7.194s] -- Added test 'cppcheck' to perform static code analysis on C / C++ code
[7.195s] -- Configured cppcheck include dirs: $<BUILD_INTERFACE:/home/maroqi/Projects/RobotProjects/imu-test/imu_ws/src/imu_madgwick/include>;/home/maroqi/Projects/RobotProjects/imu-test/imu_ws/src/imu_madgwick/Boost::system;/home/maroqi/Projects/RobotProjects/imu-test/imu_ws/src/imu_madgwick/Boost::thread
[7.196s] -- Configured cppcheck exclude dirs and/or files: 
[7.201s] -- Added test 'cpplint' to check C / C++ code against the Google style
[7.201s] -- Configured cpplint exclude dirs and/or files: 
[7.205s] -- Added test 'lint_cmake' to check CMake code style
[7.209s] -- Added test 'uncrustify' to check C / C++ code style
[7.209s] -- Configured uncrustify additional arguments: 
[7.255s] -- Added test 'xmllint' to check XML markup files
[7.255s] -- Configuring done
[7.266s] -- Generating done
[7.274s] -- Build files have been written to: /home/maroqi/Projects/RobotProjects/imu-test/imu_ws/build/imu_madgwick
[7.328s] Invoked command in '/home/maroqi/Projects/RobotProjects/imu-test/imu_ws/build/imu_madgwick' returned '0': CMAKE_PREFIX_PATH=/opt/ros/foxy /usr/bin/cmake /home/maroqi/Projects/RobotProjects/imu-test/imu_ws/src/imu_madgwick -DCMAKE_INSTALL_PREFIX=/home/maroqi/Projects/RobotProjects/imu-test/imu_ws/install/imu_madgwick
[7.330s] Invoking command in '/home/maroqi/Projects/RobotProjects/imu-test/imu_ws/build/imu_madgwick': CMAKE_PREFIX_PATH=/opt/ros/foxy /usr/bin/cmake --build /home/maroqi/Projects/RobotProjects/imu-test/imu_ws/build/imu_madgwick -- -j2 -l2
[7.462s] [35m[1mScanning dependencies of target imu_madgwick[0m
[7.842s] [ 25%] [32mBuilding CXX object CMakeFiles/imu_madgwick.dir/src/imu_madgwick/imu_filter.cpp.o[0m
[8.722s] [ 50%] [32mBuilding CXX object CMakeFiles/imu_madgwick.dir/src/imu_madgwick/stateless_orientation.cpp.o[0m
[14.450s] [ 75%] [32mBuilding CXX object CMakeFiles/imu_madgwick.dir/src/imu_madgwick/imu.cpp.o[0m
[18.466s] In file included from [01m[K/home/maroqi/Projects/RobotProjects/imu-test/imu_ws/src/imu_madgwick/src/imu_madgwick/imu.cpp:37[m[K:
[18.472s] [01m[K/home/maroqi/Projects/RobotProjects/imu-test/imu_ws/src/imu_madgwick/include/imu_madgwick/imu.hpp:77:5:[m[K [01;31m[Kerror: [m[Kâ€˜[01m[Kboost[m[Kâ€™ does not name a type
[18.472s]    77 |     [01;31m[Kboost[m[K::mutex mutex;
[18.472s]       |     [01;31m[K^~~~~[m[K
[18.478s] [01m[K/home/maroqi/Projects/RobotProjects/imu-test/imu_ws/src/imu_madgwick/src/imu_madgwick/imu.cpp:[m[K In constructor â€˜[01m[KImu::Imu(std::string)[m[Kâ€™:
[18.478s] [01m[K/home/maroqi/Projects/RobotProjects/imu-test/imu_ws/src/imu_madgwick/src/imu_madgwick/imu.cpp:48:20:[m[K [01;31m[Kerror: [m[Kno matching function for call to â€˜[01m[Ktf2_ros::TransformBroadcaster::TransformBroadcaster()[m[Kâ€™
[18.478s]    48 |   initialized(false[01;31m[K)[m[K {
[18.479s]       |                    [01;31m[K^[m[K
[18.479s] In file included from [01m[K/home/maroqi/Projects/RobotProjects/imu-test/imu_ws/src/imu_madgwick/src/imu_madgwick/imu.cpp:29[m[K:
[18.480s] [01m[K/opt/ros/foxy/include/tf2_ros/transform_broadcaster.h:53:3:[m[K [01;36m[Knote: [m[Kcandidate: â€˜[01m[Ktemplate<class NodeT, class AllocatorT> tf2_ros::TransformBroadcaster::TransformBroadcaster(NodeT&&, const rclcpp::QoS&, const rclcpp::PublisherOptionsWithAllocator<AllocatorT>&)[m[Kâ€™
[18.480s]    53 |   [01;36m[KTransformBroadcaster[m[K(
[18.480s]       |   [01;36m[K^~~~~~~~~~~~~~~~~~~~[m[K
[18.481s] [01m[K/opt/ros/foxy/include/tf2_ros/transform_broadcaster.h:53:3:[m[K [01;36m[Knote: [m[K  template argument deduction/substitution failed:
[18.481s] [01m[K/home/maroqi/Projects/RobotProjects/imu-test/imu_ws/src/imu_madgwick/src/imu_madgwick/imu.cpp:48:20:[m[K [01;36m[Knote: [m[K  candidate expects 3 arguments, 0 provided
[18.481s]    48 |   initialized(false[01;36m[K)[m[K {
[18.482s]       |                    [01;36m[K^[m[K
[18.482s] In file included from [01m[K/home/maroqi/Projects/RobotProjects/imu-test/imu_ws/src/imu_madgwick/src/imu_madgwick/imu.cpp:29[m[K:
[18.482s] [01m[K/opt/ros/foxy/include/tf2_ros/transform_broadcaster.h:49:7:[m[K [01;36m[Knote: [m[Kcandidate: â€˜[01m[Ktf2_ros::TransformBroadcaster::TransformBroadcaster(const tf2_ros::TransformBroadcaster&)[m[Kâ€™
[18.483s]    49 | class [01;36m[KTransformBroadcaster[m[K{
[18.483s]       |       [01;36m[K^~~~~~~~~~~~~~~~~~~~[m[K
[18.483s] [01m[K/opt/ros/foxy/include/tf2_ros/transform_broadcaster.h:49:7:[m[K [01;36m[Knote: [m[K  candidate expects 1 argument, 0 provided
[18.484s] [01m[K/opt/ros/foxy/include/tf2_ros/transform_broadcaster.h:49:7:[m[K [01;36m[Knote: [m[Kcandidate: â€˜[01m[Ktf2_ros::TransformBroadcaster::TransformBroadcaster(tf2_ros::TransformBroadcaster&&)[m[Kâ€™
[18.484s] [01m[K/opt/ros/foxy/include/tf2_ros/transform_broadcaster.h:49:7:[m[K [01;36m[Knote: [m[K  candidate expects 1 argument, 0 provided
[18.497s] In file included from [01m[K/opt/ros/foxy/include/rclcpp/service.hpp:34[m[K,
[18.497s]                  from [01m[K/opt/ros/foxy/include/rclcpp/callback_group.hpp:25[m[K,
[18.497s]                  from [01m[K/opt/ros/foxy/include/rclcpp/any_executable.hpp:20[m[K,
[18.497s]                  from [01m[K/opt/ros/foxy/include/rclcpp/memory_strategy.hpp:24[m[K,
[18.498s]                  from [01m[K/opt/ros/foxy/include/rclcpp/memory_strategies.hpp:18[m[K,
[18.498s]                  from [01m[K/opt/ros/foxy/include/rclcpp/executor_options.hpp:20[m[K,
[18.498s]                  from [01m[K/opt/ros/foxy/include/rclcpp/executor.hpp:33[m[K,
[18.499s]                  from [01m[K/opt/ros/foxy/include/rclcpp/executors/multi_threaded_executor.hpp:25[m[K,
[18.499s]                  from [01m[K/opt/ros/foxy/include/rclcpp/executors.hpp:21[m[K,
[18.499s]                  from [01m[K/opt/ros/foxy/include/rclcpp/rclcpp.hpp:146[m[K,
[18.500s]                  from [01m[K/home/maroqi/Projects/RobotProjects/imu-test/imu_ws/src/imu_madgwick/src/imu_madgwick/imu.cpp:25[m[K:
[18.500s] [01m[K/home/maroqi/Projects/RobotProjects/imu-test/imu_ws/src/imu_madgwick/src/imu_madgwick/imu.cpp:[m[K In lambda function:
[18.500s] [01m[K/home/maroqi/Projects/RobotProjects/imu-test/imu_ws/src/imu_madgwick/src/imu_madgwick/imu.cpp:76:75:[m[K [01;31m[Kerror: [m[Kcannot capture â€˜[01m[Krclcpp::Clock(RCL_STEADY_TIME)[m[Kâ€™ by reference
[18.501s]    76 |           RCLCPP_WARN_THROTTLE(get_logger(), rclcpp::Clock(RCL_STEADY_TIME[01;31m[K)[m[K, 5.0, "The IMU seems to be in free fall, cannot determine gravity direction!");
[18.501s]       |                                                                           [01;31m[K^[m[K
[18.506s] [01m[K/home/maroqi/Projects/RobotProjects/imu-test/imu_ws/src/imu_madgwick/src/imu_madgwick/imu.cpp:[m[K In lambda function:
[18.506s] [01m[K/home/maroqi/Projects/RobotProjects/imu-test/imu_ws/src/imu_madgwick/src/imu_madgwick/imu.cpp:76:11:[m[K [01;31m[Kerror: [m[Kâ€˜[01m[Kc[m[Kâ€™ was not declared in this scope
[18.506s]    76 |           [01;31m[KRCLCPP_WARN_THROTTLE[m[K(get_logger(), rclcpp::Clock(RCL_STEADY_TIME), 5.0, "The IMU seems to be in free fall, cannot determine gravity direction!");
[18.506s]       |           [01;31m[K^~~~~~~~~~~~~~~~~~~~[m[K
[18.513s] [01m[K/home/maroqi/Projects/RobotProjects/imu-test/imu_ws/src/imu_madgwick/src/imu_madgwick/imu.cpp:[m[K In lambda function:
[18.514s] [01m[K/home/maroqi/Projects/RobotProjects/imu-test/imu_ws/src/imu_madgwick/src/imu_madgwick/imu.cpp:82:12:[m[K [01;31m[Kerror: [m[Kâ€˜[01m[Kinitialized_[m[Kâ€™ was not declared in this scope; did you mean â€˜[01m[Kinitialized[m[Kâ€™?
[18.514s]    82 |       if (![01;31m[Kinitialized_[m[K) {
[18.514s]       |            [01;31m[K^~~~~~~~~~~~[m[K
[18.515s]       |            [32m[Kinitialized[m[K
[18.517s] [01m[K/home/maroqi/Projects/RobotProjects/imu-test/imu_ws/src/imu_madgwick/src/imu_madgwick/imu.cpp:84:21:[m[K [01;31m[Kerror: [m[Kno match for â€˜[01m[Koperator=[m[Kâ€™ (operand types are â€˜[01m[Krclcpp::TimerBase::SharedPtr[m[Kâ€™ {aka â€˜[01m[Kstd::shared_ptr<rclcpp::TimerBase>[m[Kâ€™} and â€˜[01m[Krclcpp::Time[m[Kâ€™)
[18.517s]    84 |         last_time = [01;31m[Ktime[m[K;
[18.518s]       |                     [01;31m[K^~~~[m[K
[18.519s] In file included from [01m[K/usr/include/c++/9/memory:81[m[K,
[18.519s]                  from [01m[K/opt/ros/foxy/include/rclcpp/rclcpp.hpp:144[m[K,
[18.520s]                  from [01m[K/home/maroqi/Projects/RobotProjects/imu-test/imu_ws/src/imu_madgwick/src/imu_madgwick/imu.cpp:25[m[K:
[18.520s] [01m[K/usr/include/c++/9/bits/shared_ptr.h:309:19:[m[K [01;36m[Knote: [m[Kcandidate: â€˜[01m[Kstd::shared_ptr<_Tp>& std::shared_ptr<_Tp>::operator=(const std::shared_ptr<_Tp>&) [with _Tp = rclcpp::TimerBase][m[Kâ€™
[18.520s]   309 |       shared_ptr& [01;36m[Koperator[m[K=(const shared_ptr&) noexcept = default;
[18.521s]       |                   [01;36m[K^~~~~~~~[m[K
[18.521s] [01m[K/usr/include/c++/9/bits/shared_ptr.h:309:29:[m[K [01;36m[Knote: [m[K  no known conversion for argument 1 from â€˜[01m[Krclcpp::Time[m[Kâ€™ to â€˜[01m[Kconst std::shared_ptr<rclcpp::TimerBase>&[m[Kâ€™
[18.522s]   309 |       shared_ptr& operator=([01;36m[Kconst shared_ptr&[m[K) noexcept = default;
[18.522s]       |                             [01;36m[K^~~~~~~~~~~~~~~~~[m[K
[18.523s] [01m[K/usr/include/c++/9/bits/shared_ptr.h:313:2:[m[K [01;36m[Knote: [m[Kcandidate: â€˜[01m[Ktemplate<class _Yp> std::shared_ptr<_Tp>::_Assignable<const std::shared_ptr<_Yp>&> std::shared_ptr<_Tp>::operator=(const std::shared_ptr<_Yp>&) [with _Yp = _Yp; _Tp = rclcpp::TimerBase][m[Kâ€™
[18.523s]   313 |  [01;36m[Koperator[m[K=(const shared_ptr<_Yp>& __r) noexcept
[18.524s]       |  [01;36m[K^~~~~~~~[m[K
[18.524s] [01m[K/usr/include/c++/9/bits/shared_ptr.h:313:2:[m[K [01;36m[Knote: [m[K  template argument deduction/substitution failed:
[18.525s] [01m[K/home/maroqi/Projects/RobotProjects/imu-test/imu_ws/src/imu_madgwick/src/imu_madgwick/imu.cpp:84:21:[m[K [01;36m[Knote: [m[K  â€˜[01m[Krclcpp::Time[m[Kâ€™ is not derived from â€˜[01m[Kconst std::shared_ptr<_Tp>[m[Kâ€™
[18.525s]    84 |         last_time = [01;36m[Ktime[m[K;
[18.525s]       |                     [01;36m[K^~~~[m[K
[18.526s] In file included from [01m[K/usr/include/c++/9/memory:81[m[K,
[18.527s]                  from [01m[K/opt/ros/foxy/include/rclcpp/rclcpp.hpp:144[m[K,
[18.528s]                  from [01m[K/home/maroqi/Projects/RobotProjects/imu-test/imu_ws/src/imu_madgwick/src/imu_madgwick/imu.cpp:25[m[K:
[18.528s] [01m[K/usr/include/c++/9/bits/shared_ptr.h:324:2:[m[K [01;36m[Knote: [m[Kcandidate: â€˜[01m[Ktemplate<class _Yp> std::shared_ptr<_Tp>::_Assignable<std::auto_ptr<_Up> > std::shared_ptr<_Tp>::operator=(std::auto_ptr<_Up>&&) [with _Yp = _Yp; _Tp = rclcpp::TimerBase][m[Kâ€™
[18.529s]   324 |  [01;36m[Koperator[m[K=(auto_ptr<_Yp>&& __r)
[18.529s]       |  [01;36m[K^~~~~~~~[m[K
[18.529s] [01m[K/usr/include/c++/9/bits/shared_ptr.h:324:2:[m[K [01;36m[Knote: [m[K  template argument deduction/substitution failed:
[18.529s] [01m[K/home/maroqi/Projects/RobotProjects/imu-test/imu_ws/src/imu_madgwick/src/imu_madgwick/imu.cpp:84:21:[m[K [01;36m[Knote: [m[K  â€˜[01m[Krclcpp::Time[m[Kâ€™ is not derived from â€˜[01m[Kstd::auto_ptr<_Up>[m[Kâ€™
[18.530s]    84 |         last_time = [01;36m[Ktime[m[K;
[18.530s]       |                     [01;36m[K^~~~[m[K
[18.536s] In file included from [01m[K/usr/include/c++/9/memory:81[m[K,
[18.536s]                  from [01m[K/opt/ros/foxy/include/rclcpp/rclcpp.hpp:144[m[K,
[18.537s]                  from [01m[K/home/maroqi/Projects/RobotProjects/imu-test/imu_ws/src/imu_madgwick/src/imu_madgwick/imu.cpp:25[m[K:
[18.537s] [01m[K/usr/include/c++/9/bits/shared_ptr.h:333:7:[m[K [01;36m[Knote: [m[Kcandidate: â€˜[01m[Kstd::shared_ptr<_Tp>& std::shared_ptr<_Tp>::operator=(std::shared_ptr<_Tp>&&) [with _Tp = rclcpp::TimerBase][m[Kâ€™
[18.537s]   333 |       [01;36m[Koperator[m[K=(shared_ptr&& __r) noexcept
[18.537s]       |       [01;36m[K^~~~~~~~[m[K
[18.537s] [01m[K/usr/include/c++/9/bits/shared_ptr.h:333:30:[m[K [01;36m[Knote: [m[K  no known conversion for argument 1 from â€˜[01m[Krclcpp::Time[m[Kâ€™ to â€˜[01m[Kstd::shared_ptr<rclcpp::TimerBase>&&[m[Kâ€™
[18.537s]   333 |       operator=([01;36m[Kshared_ptr&& __r[m[K) noexcept
[18.538s]       |                 [01;36m[K~~~~~~~~~~~~~^~~[m[K
[18.538s] [01m[K/usr/include/c++/9/bits/shared_ptr.h:341:2:[m[K [01;36m[Knote: [m[Kcandidate: â€˜[01m[Ktemplate<class _Yp> std::shared_ptr<_Tp>::_Assignable<std::shared_ptr<_Yp> > std::shared_ptr<_Tp>::operator=(std::shared_ptr<_Yp>&&) [with _Yp = _Yp; _Tp = rclcpp::TimerBase][m[Kâ€™
[18.538s]   341 |  [01;36m[Koperator[m[K=(shared_ptr<_Yp>&& __r) noexcept
[18.538s]       |  [01;36m[K^~~~~~~~[m[K
[18.538s] [01m[K/usr/include/c++/9/bits/shared_ptr.h:341:2:[m[K [01;36m[Knote: [m[K  template argument deduction/substitution failed:
[18.539s] [01m[K/home/maroqi/Projects/RobotProjects/imu-test/imu_ws/src/imu_madgwick/src/imu_madgwick/imu.cpp:84:21:[m[K [01;36m[Knote: [m[K  â€˜[01m[Krclcpp::Time[m[Kâ€™ is not derived from â€˜[01m[Kstd::shared_ptr<_Tp>[m[Kâ€™
[18.539s]    84 |         last_time = [01;36m[Ktime[m[K;
[18.539s]       |                     [01;36m[K^~~~[m[K
[18.539s] In file included from [01m[K/usr/include/c++/9/memory:81[m[K,
[18.545s]                  from [01m[K/opt/ros/foxy/include/rclcpp/rclcpp.hpp:144[m[K,
[18.545s]                  from [01m[K/home/maroqi/Projects/RobotProjects/imu-test/imu_ws/src/imu_madgwick/src/imu_madgwick/imu.cpp:25[m[K:
[18.545s] [01m[K/usr/include/c++/9/bits/shared_ptr.h:349:2:[m[K [01;36m[Knote: [m[Kcandidate: â€˜[01m[Ktemplate<class _Yp, class _Del> std::shared_ptr<_Tp>::_Assignable<std::unique_ptr<_Up, _Ep> > std::shared_ptr<_Tp>::operator=(std::unique_ptr<_Up, _Ep>&&) [with _Yp = _Yp; _Del = _Del; _Tp = rclcpp::TimerBase][m[Kâ€™
[18.545s]   349 |  [01;36m[Koperator[m[K=(unique_ptr<_Yp, _Del>&& __r)
[18.546s]       |  [01;36m[K^~~~~~~~[m[K
[18.546s] [01m[K/usr/include/c++/9/bits/shared_ptr.h:349:2:[m[K [01;36m[Knote: [m[K  template argument deduction/substitution failed:
[18.546s] [01m[K/home/maroqi/Projects/RobotProjects/imu-test/imu_ws/src/imu_madgwick/src/imu_madgwick/imu.cpp:84:21:[m[K [01;36m[Knote: [m[K  â€˜[01m[Krclcpp::Time[m[Kâ€™ is not derived from â€˜[01m[Kstd::unique_ptr<_Tp, _Dp>[m[Kâ€™
[18.546s]    84 |         last_time = [01;36m[Ktime[m[K;
[18.546s]       |                     [01;36m[K^~~~[m[K
[18.547s] [01m[K/home/maroqi/Projects/RobotProjects/imu-test/imu_ws/src/imu_madgwick/src/imu_madgwick/imu.cpp:93:20:[m[K [01;31m[Kerror: [m[Kno match for â€˜[01m[Koperator-[m[Kâ€™ (operand types are â€˜[01m[Krclcpp::Time[m[Kâ€™ and â€˜[01m[Krclcpp::TimerBase::SharedPtr[m[Kâ€™ {aka â€˜[01m[Kstd::shared_ptr<rclcpp::TimerBase>[m[Kâ€™})
[18.547s]    93 |         dt = ([32m[Ktime[m[K [01;31m[K-[m[K [34m[Klast_time[m[K).toSec();
[18.547s]       |               [32m[K~~~~[m[K [01;31m[K^[m[K [34m[K~~~~~~~~~[m[K
[18.552s]       |               [32m[K|[m[K      [34m[K|[m[K
[18.553s]       |               [32m[K|[m[K      [34m[Krclcpp::TimerBase::SharedPtr {aka std::shared_ptr<rclcpp::TimerBase>}[m[K
[18.553s]       |               [32m[Krclcpp::Time[m[K
[18.553s] In file included from [01m[K/opt/ros/foxy/include/rclcpp/clock.hpp:23[m[K,
[18.553s]                  from [01m[K/opt/ros/foxy/include/rclcpp/timer.hpp:27[m[K,
[18.553s]                  from [01m[K/opt/ros/foxy/include/rclcpp/callback_group.hpp:27[m[K,
[18.553s]                  from [01m[K/opt/ros/foxy/include/rclcpp/any_executable.hpp:20[m[K,
[18.553s]                  from [01m[K/opt/ros/foxy/include/rclcpp/memory_strategy.hpp:24[m[K,
[18.554s]                  from [01m[K/opt/ros/foxy/include/rclcpp/memory_strategies.hpp:18[m[K,
[18.554s]                  from [01m[K/opt/ros/foxy/include/rclcpp/executor_options.hpp:20[m[K,
[18.554s]                  from [01m[K/opt/ros/foxy/include/rclcpp/executor.hpp:33[m[K,
[18.554s]                  from [01m[K/opt/ros/foxy/include/rclcpp/executors/multi_threaded_executor.hpp:25[m[K,
[18.554s]                  from [01m[K/opt/ros/foxy/include/rclcpp/executors.hpp:21[m[K,
[18.554s]                  from [01m[K/opt/ros/foxy/include/rclcpp/rclcpp.hpp:146[m[K,
[18.555s]                  from [01m[K/home/maroqi/Projects/RobotProjects/imu-test/imu_ws/src/imu_madgwick/src/imu_madgwick/imu.cpp:25[m[K:
[18.555s] [01m[K/opt/ros/foxy/include/rclcpp/time.hpp:155:3:[m[K [01;36m[Knote: [m[Kcandidate: â€˜[01m[Krclcpp::Duration rclcpp::Time::operator-(const rclcpp::Time&) const[m[Kâ€™
[18.555s]   155 |   [01;36m[Koperator[m[K-(const rclcpp::Time & rhs) const;
[18.555s]       |   [01;36m[K^~~~~~~~[m[K
[18.559s] [01m[K/opt/ros/foxy/include/rclcpp/time.hpp:155:34:[m[K [01;36m[Knote: [m[K  no known conversion for argument 1 from â€˜[01m[Krclcpp::TimerBase::SharedPtr[m[Kâ€™ {aka â€˜[01m[Kstd::shared_ptr<rclcpp::TimerBase>[m[Kâ€™} to â€˜[01m[Kconst rclcpp::Time&[m[Kâ€™
[18.560s]   155 |   operator-([01;36m[Kconst rclcpp::Time & rhs[m[K) const;
[18.560s]       |             [01;36m[K~~~~~~~~~~~~~~~~~~~~~^~~[m[K
[18.560s] [01m[K/opt/ros/foxy/include/rclcpp/time.hpp:162:3:[m[K [01;36m[Knote: [m[Kcandidate: â€˜[01m[Krclcpp::Time rclcpp::Time::operator-(const rclcpp::Duration&) const[m[Kâ€™
[18.560s]   162 |   [01;36m[Koperator[m[K-(const rclcpp::Duration & rhs) const;
[18.561s]       |   [01;36m[K^~~~~~~~[m[K
[18.561s] [01m[K/opt/ros/foxy/include/rclcpp/time.hpp:162:38:[m[K [01;36m[Knote: [m[K  no known conversion for argument 1 from â€˜[01m[Krclcpp::TimerBase::SharedPtr[m[Kâ€™ {aka â€˜[01m[Kstd::shared_ptr<rclcpp::TimerBase>[m[Kâ€™} to â€˜[01m[Kconst rclcpp::Duration&[m[Kâ€™
[18.561s]   162 |   operator-([01;36m[Kconst rclcpp::Duration & rhs[m[K) const;
[18.561s]       |             [01;36m[K~~~~~~~~~~~~~~~~~~~~~~~~~^~~[m[K
[18.561s] In file included from [01m[K/usr/include/c++/9/bits/stl_algobase.h:67[m[K,
[18.562s]                  from [01m[K/usr/include/c++/9/memory:62[m[K,
[18.562s]                  from [01m[K/opt/ros/foxy/include/rclcpp/rclcpp.hpp:144[m[K,
[18.562s]                  from [01m[K/home/maroqi/Projects/RobotProjects/imu-test/imu_ws/src/imu_madgwick/src/imu_madgwick/imu.cpp:25[m[K:
[18.562s] [01m[K/usr/include/c++/9/bits/stl_iterator.h:415:5:[m[K [01;36m[Knote: [m[Kcandidate: â€˜[01m[Ktemplate<class _IteratorL, class _IteratorR> decltype ((__y.base() - __x.base())) std::operator-(const std::reverse_iterator<_Iterator>&, const std::reverse_iterator<_IteratorR>&)[m[Kâ€™
[18.562s]   415 |     [01;36m[Koperator[m[K-(const reverse_iterator<_IteratorL>& __x,
[18.562s]       |     [01;36m[K^~~~~~~~[m[K
[18.563s] [01m[K/usr/include/c++/9/bits/stl_iterator.h:415:5:[m[K [01;36m[Knote: [m[K  template argument deduction/substitution failed:
[18.563s] [01m[K/home/maroqi/Projects/RobotProjects/imu-test/imu_ws/src/imu_madgwick/src/imu_madgwick/imu.cpp:93:22:[m[K [01;36m[Knote: [m[K  â€˜[01m[Krclcpp::Time[m[Kâ€™ is not derived from â€˜[01m[Kconst std::reverse_iterator<_Iterator>[m[Kâ€™
[18.563s]    93 |         dt = (time - [01;36m[Klast_time[m[K).toSec();
[18.563s]       |                      [01;36m[K^~~~~~~~~[m[K
[18.568s] In file included from [01m[K/usr/include/c++/9/bits/stl_algobase.h:67[m[K,
[18.569s]                  from [01m[K/usr/include/c++/9/memory:62[m[K,
[18.569s]                  from [01m[K/opt/ros/foxy/include/rclcpp/rclcpp.hpp:144[m[K,
[18.569s]                  from [01m[K/home/maroqi/Projects/RobotProjects/imu-test/imu_ws/src/imu_madgwick/src/imu_madgwick/imu.cpp:25[m[K:
[18.569s] [01m[K/usr/include/c++/9/bits/stl_iterator.h:1212:5:[m[K [01;36m[Knote: [m[Kcandidate: â€˜[01m[Ktemplate<class _IteratorL, class _IteratorR> decltype ((__x.base() - __y.base())) std::operator-(const std::move_iterator<_IteratorL>&, const std::move_iterator<_IteratorR>&)[m[Kâ€™
[18.569s]  1212 |     [01;36m[Koperator[m[K-(const move_iterator<_IteratorL>& __x,
[18.570s]       |     [01;36m[K^~~~~~~~[m[K
[18.570s] [01m[K/usr/include/c++/9/bits/stl_iterator.h:1212:5:[m[K [01;36m[Knote: [m[K  template argument deduction/substitution failed:
[18.570s] [01m[K/home/maroqi/Projects/RobotProjects/imu-test/imu_ws/src/imu_madgwick/src/imu_madgwick/imu.cpp:93:22:[m[K [01;36m[Knote: [m[K  â€˜[01m[Krclcpp::Time[m[Kâ€™ is not derived from â€˜[01m[Kconst std::move_iterator<_IteratorL>[m[Kâ€™
[18.570s]    93 |         dt = (time - [01;36m[Klast_time[m[K).toSec();
[18.570s]       |                      [01;36m[K^~~~~~~~~[m[K
[18.571s] In file included from [01m[K/usr/include/c++/9/vector:68[m[K,
[18.571s]                  from [01m[K/opt/ros/foxy/include/rclcpp/executor.hpp:27[m[K,
[18.579s]                  from [01m[K/opt/ros/foxy/include/rclcpp/executors/multi_threaded_executor.hpp:25[m[K,
[18.580s]                  from [01m[K/opt/ros/foxy/include/rclcpp/executors.hpp:21[m[K,
[18.580s]                  from [01m[K/opt/ros/foxy/include/rclcpp/rclcpp.hpp:146[m[K,
[18.580s]                  from [01m[K/home/maroqi/Projects/RobotProjects/imu-test/imu_ws/src/imu_madgwick/src/imu_madgwick/imu.cpp:25[m[K:
[18.580s] [01m[K/usr/include/c++/9/bits/stl_bvector.h:214:3:[m[K [01;36m[Knote: [m[Kcandidate: â€˜[01m[Kstd::ptrdiff_t std::operator-(const std::_Bit_iterator_base&, const std::_Bit_iterator_base&)[m[Kâ€™
[18.580s]   214 |   [01;36m[Koperator[m[K-(const _Bit_iterator_base& __x, const _Bit_iterator_base& __y)
[18.580s]       |   [01;36m[K^~~~~~~~[m[K
[18.581s] [01m[K/usr/include/c++/9/bits/stl_bvector.h:214:39:[m[K [01;36m[Knote: [m[K  no known conversion for argument 1 from â€˜[01m[Krclcpp::Time[m[Kâ€™ to â€˜[01m[Kconst std::_Bit_iterator_base&[m[Kâ€™
[18.581s]   214 |   operator-([01;36m[Kconst _Bit_iterator_base& __x[m[K, const _Bit_iterator_base& __y)
[18.581s]       |             [01;36m[K~~~~~~~~~~~~~~~~~~~~~~~~~~^~~[m[K
[18.581s] In file included from [01m[K/usr/include/c++/9/deque:67[m[K,
[18.581s]                  from [01m[K/opt/ros/foxy/include/message_filters/synchronizer.h:38[m[K,
[18.581s]                  from [01m[K/home/maroqi/Projects/RobotProjects/imu-test/imu_ws/src/imu_madgwick/src/imu_madgwick/imu.cpp:31[m[K:
[18.581s] [01m[K/usr/include/c++/9/bits/stl_deque.h:370:5:[m[K [01;36m[Knote: [m[Kcandidate: â€˜[01m[Ktemplate<class _Tp, class _Ref, class _Ptr> typename std::_Deque_iterator<_Tp, _Ref, _Ptr>::difference_type std::operator-(const std::_Deque_iterator<_Tp, _Ref, _Ptr>&, const std::_Deque_iterator<_Tp, _Ref, _Ptr>&)[m[Kâ€™
[18.582s]   370 |     [01;36m[Koperator[m[K-(const _Deque_iterator<_Tp, _Ref, _Ptr>& __x,
[18.582s]       |     [01;36m[K^~~~~~~~[m[K
[18.582s] [01m[K/usr/include/c++/9/bits/stl_deque.h:370:5:[m[K [01;36m[Knote: [m[K  template argument deduction/substitution failed:
[18.582s] [01m[K/home/maroqi/Projects/RobotProjects/imu-test/imu_ws/src/imu_madgwick/src/imu_madgwick/imu.cpp:93:22:[m[K [01;36m[Knote: [m[K  â€˜[01m[Krclcpp::Time[m[Kâ€™ is not derived from â€˜[01m[Kconst std::_Deque_iterator<_Tp, _Ref, _Ptr>[m[Kâ€™
[18.582s]    93 |         dt = (time - [01;36m[Klast_time[m[K).toSec();
[18.582s]       |                      [01;36m[K^~~~~~~~~[m[K
[18.583s] In file included from [01m[K/usr/include/c++/9/deque:67[m[K,
[18.583s]                  from [01m[K/opt/ros/foxy/include/message_filters/synchronizer.h:38[m[K,
[18.583s]                  from [01m[K/home/maroqi/Projects/RobotProjects/imu-test/imu_ws/src/imu_madgwick/src/imu_madgwick/imu.cpp:31[m[K:
[18.583s] [01m[K/usr/include/c++/9/bits/stl_deque.h:382:5:[m[K [01;36m[Knote: [m[Kcandidate: â€˜[01m[Ktemplate<class _Tp, class _RefL, class _PtrL, class _RefR, class _PtrR> typename std::_Deque_iterator<_Tp, _Ref, _Ptr>::difference_type std::operator-(const std::_Deque_iterator<_Tp, _Ref, _Ptr>&, const std::_Deque_iterator<_Tp, _RefR, _PtrR>&)[m[Kâ€™
[18.583s]   382 |     [01;36m[Koperator[m[K-(const _Deque_iterator<_Tp, _RefL, _PtrL>& __x,
[18.584s]       |     [01;36m[K^~~~~~~~[m[K
[18.584s] [01m[K/usr/include/c++/9/bits/stl_deque.h:382:5:[m[K [01;36m[Knote: [m[K  template argument deduction/substitution failed:
[18.584s] [01m[K/home/maroqi/Projects/RobotProjects/imu-test/imu_ws/src/imu_madgwick/src/imu_madgwick/imu.cpp:93:22:[m[K [01;36m[Knote: [m[K  â€˜[01m[Krclcpp::Time[m[Kâ€™ is not derived from â€˜[01m[Kconst std::_Deque_iterator<_Tp, _Ref, _Ptr>[m[Kâ€™
[18.584s]    93 |         dt = (time - [01;36m[Klast_time[m[K).toSec();
[18.584s]       |                      [01;36m[K^~~~~~~~~[m[K
[18.585s] [01m[K/home/maroqi/Projects/RobotProjects/imu-test/imu_ws/src/imu_madgwick/src/imu_madgwick/imu.cpp:94:18:[m[K [01;31m[Kerror: [m[Kâ€˜[01m[Kclass rclcpp::Time[m[Kâ€™ has no member named â€˜[01m[KisZero[m[Kâ€™
[18.585s]    94 |         if (time.[01;31m[KisZero[m[K())
[18.585s]       |                  [01;31m[K^~~~~~[m[K
[18.585s] [01m[K/home/maroqi/Projects/RobotProjects/imu-test/imu_ws/src/imu_madgwick/src/imu_madgwick/imu.cpp:99:19:[m[K [01;31m[Kerror: [m[Kno match for â€˜[01m[Koperator=[m[Kâ€™ (operand types are â€˜[01m[Krclcpp::TimerBase::SharedPtr[m[Kâ€™ {aka â€˜[01m[Kstd::shared_ptr<rclcpp::TimerBase>[m[Kâ€™} and â€˜[01m[Krclcpp::Time[m[Kâ€™)
[18.585s]    99 |       last_time = [01;31m[Ktime[m[K;
[18.585s]       |                   [01;31m[K^~~~[m[K
[18.585s] In file included from [01m[K/usr/include/c++/9/memory:81[m[K,
[18.586s]                  from [01m[K/opt/ros/foxy/include/rclcpp/rclcpp.hpp:144[m[K,
[18.586s]                  from [01m[K/home/maroqi/Projects/RobotProjects/imu-test/imu_ws/src/imu_madgwick/src/imu_madgwick/imu.cpp:25[m[K:
[18.586s] [01m[K/usr/include/c++/9/bits/shared_ptr.h:309:19:[m[K [01;36m[Knote: [m[Kcandidate: â€˜[01m[Kstd::shared_ptr<_Tp>& std::shared_ptr<_Tp>::operator=(const std::shared_ptr<_Tp>&) [with _Tp = rclcpp::TimerBase][m[Kâ€™
[18.586s]   309 |       shared_ptr& [01;36m[Koperator[m[K=(const shared_ptr&) noexcept = default;
[18.586s]       |                   [01;36m[K^~~~~~~~[m[K
[18.586s] [01m[K/usr/include/c++/9/bits/shared_ptr.h:309:29:[m[K [01;36m[Knote: [m[K  no known conversion for argument 1 from â€˜[01m[Krclcpp::Time[m[Kâ€™ to â€˜[01m[Kconst std::shared_ptr<rclcpp::TimerBase>&[m[Kâ€™
[18.587s]   309 |       shared_ptr& operator=([01;36m[Kconst shared_ptr&[m[K) noexcept = default;
[18.587s]       |                             [01;36m[K^~~~~~~~~~~~~~~~~[m[K
[18.587s] [01m[K/usr/include/c++/9/bits/shared_ptr.h:313:2:[m[K [01;36m[Knote: [m[Kcandidate: â€˜[01m[Ktemplate<class _Yp> std::shared_ptr<_Tp>::_Assignable<const std::shared_ptr<_Yp>&> std::shared_ptr<_Tp>::operator=(const std::shared_ptr<_Yp>&) [with _Yp = _Yp; _Tp = rclcpp::TimerBase][m[Kâ€™
[18.587s]   313 |  [01;36m[Koperator[m[K=(const shared_ptr<_Yp>& __r) noexcept
[18.587s]       |  [01;36m[K^~~~~~~~[m[K
[18.587s] [01m[K/usr/include/c++/9/bits/shared_ptr.h:313:2:[m[K [01;36m[Knote: [m[K  template argument deduction/substitution failed:
[18.588s] [01m[K/home/maroqi/Projects/RobotProjects/imu-test/imu_ws/src/imu_madgwick/src/imu_madgwick/imu.cpp:99:19:[m[K [01;36m[Knote: [m[K  â€˜[01m[Krclcpp::Time[m[Kâ€™ is not derived from â€˜[01m[Kconst std::shared_ptr<_Tp>[m[Kâ€™
[18.588s]    99 |       last_time = [01;36m[Ktime[m[K;
[18.588s]       |                   [01;36m[K^~~~[m[K
[18.588s] In file included from [01m[K/usr/include/c++/9/memory:81[m[K,
[18.588s]                  from [01m[K/opt/ros/foxy/include/rclcpp/rclcpp.hpp:144[m[K,
[18.588s]                  from [01m[K/home/maroqi/Projects/RobotProjects/imu-test/imu_ws/src/imu_madgwick/src/imu_madgwick/imu.cpp:25[m[K:
[18.589s] [01m[K/usr/include/c++/9/bits/shared_ptr.h:324:2:[m[K [01;36m[Knote: [m[Kcandidate: â€˜[01m[Ktemplate<class _Yp> std::shared_ptr<_Tp>::_Assignable<std::auto_ptr<_Up> > std::shared_ptr<_Tp>::operator=(std::auto_ptr<_Up>&&) [with _Yp = _Yp; _Tp = rclcpp::TimerBase][m[Kâ€™
[18.589s]   324 |  [01;36m[Koperator[m[K=(auto_ptr<_Yp>&& __r)
[18.589s]       |  [01;36m[K^~~~~~~~[m[K
[18.589s] [01m[K/usr/include/c++/9/bits/shared_ptr.h:324:2:[m[K [01;36m[Knote: [m[K  template argument deduction/substitution failed:
[18.589s] [01m[K/home/maroqi/Projects/RobotProjects/imu-test/imu_ws/src/imu_madgwick/src/imu_madgwick/imu.cpp:99:19:[m[K [01;36m[Knote: [m[K  â€˜[01m[Krclcpp::Time[m[Kâ€™ is not derived from â€˜[01m[Kstd::auto_ptr<_Up>[m[Kâ€™
[18.590s]    99 |       last_time = [01;36m[Ktime[m[K;
[18.590s]       |                   [01;36m[K^~~~[m[K
[18.590s] In file included from [01m[K/usr/include/c++/9/memory:81[m[K,
[18.590s]                  from [01m[K/opt/ros/foxy/include/rclcpp/rclcpp.hpp:144[m[K,
[18.590s]                  from [01m[K/home/maroqi/Projects/RobotProjects/imu-test/imu_ws/src/imu_madgwick/src/imu_madgwick/imu.cpp:25[m[K:
[18.590s] [01m[K/usr/include/c++/9/bits/shared_ptr.h:333:7:[m[K [01;36m[Knote: [m[Kcandidate: â€˜[01m[Kstd::shared_ptr<_Tp>& std::shared_ptr<_Tp>::operator=(std::shared_ptr<_Tp>&&) [with _Tp = rclcpp::TimerBase][m[Kâ€™
[18.591s]   333 |       [01;36m[Koperator[m[K=(shared_ptr&& __r) noexcept
[18.591s]       |       [01;36m[K^~~~~~~~[m[K
[18.599s] [01m[K/usr/include/c++/9/bits/shared_ptr.h:333:30:[m[K [01;36m[Knote: [m[K  no known conversion for argument 1 from â€˜[01m[Krclcpp::Time[m[Kâ€™ to â€˜[01m[Kstd::shared_ptr<rclcpp::TimerBase>&&[m[Kâ€™
[18.599s]   333 |       operator=([01;36m[Kshared_ptr&& __r[m[K) noexcept
[18.599s]       |                 [01;36m[K~~~~~~~~~~~~~^~~[m[K
[18.600s] [01m[K/usr/include/c++/9/bits/shared_ptr.h:341:2:[m[K [01;36m[Knote: [m[Kcandidate: â€˜[01m[Ktemplate<class _Yp> std::shared_ptr<_Tp>::_Assignable<std::shared_ptr<_Yp> > std::shared_ptr<_Tp>::operator=(std::shared_ptr<_Yp>&&) [with _Yp = _Yp; _Tp = rclcpp::TimerBase][m[Kâ€™
[18.600s]   341 |  [01;36m[Koperator[m[K=(shared_ptr<_Yp>&& __r) noexcept
[18.600s]       |  [01;36m[K^~~~~~~~[m[K
[18.600s] [01m[K/usr/include/c++/9/bits/shared_ptr.h:341:2:[m[K [01;36m[Knote: [m[K  template argument deduction/substitution failed:
[18.600s] [01m[K/home/maroqi/Projects/RobotProjects/imu-test/imu_ws/src/imu_madgwick/src/imu_madgwick/imu.cpp:99:19:[m[K [01;36m[Knote: [m[K  â€˜[01m[Krclcpp::Time[m[Kâ€™ is not derived from â€˜[01m[Kstd::shared_ptr<_Tp>[m[Kâ€™
[18.601s]    99 |       last_time = [01;36m[Ktime[m[K;
[18.601s]       |                   [01;36m[K^~~~[m[K
[18.601s] In file included from [01m[K/usr/include/c++/9/memory:81[m[K,
[18.601s]                  from [01m[K/opt/ros/foxy/include/rclcpp/rclcpp.hpp:144[m[K,
[18.601s]                  from [01m[K/home/maroqi/Projects/RobotProjects/imu-test/imu_ws/src/imu_madgwick/src/imu_madgwick/imu.cpp:25[m[K:
[18.602s] [01m[K/usr/include/c++/9/bits/shared_ptr.h:349:2:[m[K [01;36m[Knote: [m[Kcandidate: â€˜[01m[Ktemplate<class _Yp, class _Del> std::shared_ptr<_Tp>::_Assignable<std::unique_ptr<_Up, _Ep> > std::shared_ptr<_Tp>::operator=(std::unique_ptr<_Up, _Ep>&&) [with _Yp = _Yp; _Del = _Del; _Tp = rclcpp::TimerBase][m[Kâ€™
[18.602s]   349 |  [01;36m[Koperator[m[K=(unique_ptr<_Yp, _Del>&& __r)
[18.602s]       |  [01;36m[K^~~~~~~~[m[K
[18.602s] [01m[K/usr/include/c++/9/bits/shared_ptr.h:349:2:[m[K [01;36m[Knote: [m[K  template argument deduction/substitution failed:
[18.602s] [01m[K/home/maroqi/Projects/RobotProjects/imu-test/imu_ws/src/imu_madgwick/src/imu_madgwick/imu.cpp:99:19:[m[K [01;36m[Knote: [m[K  â€˜[01m[Krclcpp::Time[m[Kâ€™ is not derived from â€˜[01m[Kstd::unique_ptr<_Tp, _Dp>[m[Kâ€™
[18.602s]    99 |       last_time = [01;36m[Ktime[m[K;
[18.603s]       |                   [01;36m[K^~~~[m[K
[18.603s] [01m[K/home/maroqi/Projects/RobotProjects/imu-test/imu_ws/src/imu_madgwick/src/imu_madgwick/imu.cpp:102:9:[m[K [01;31m[Kerror: [m[Kâ€˜[01m[Kfilter_[m[Kâ€™ was not declared in this scope; did you mean â€˜[01m[Kfilter[m[Kâ€™?
[18.603s]   102 |         [01;31m[Kfilter_[m[K.madgwickAHRSupdateIMU(
[18.603s]       |         [01;31m[K^~~~~~~[m[K
[18.603s]       |         [32m[Kfilter[m[K
[18.609s] [01m[K/home/maroqi/Projects/RobotProjects/imu-test/imu_ws/src/imu_madgwick/src/imu_madgwick/imu.cpp:[m[K In constructor â€˜[01m[KImu::Imu(std::string)[m[Kâ€™:
[18.609s] [01m[K/home/maroqi/Projects/RobotProjects/imu-test/imu_ws/src/imu_madgwick/src/imu_madgwick/imu.cpp:108:7:[m[K [01;31m[Kerror: [m[Kexpected â€˜[01m[K;[m[Kâ€™ before â€˜[01m[K)[m[Kâ€™ token
[18.609s]   108 |     })[01;31m[K)[m[K;
[18.610s]       |       [01;31m[K^[m[K
[18.610s]       |       [32m[K;[m[K
[18.612s] [01m[K/home/maroqi/Projects/RobotProjects/imu-test/imu_ws/src/imu_madgwick/src/imu_madgwick/imu.cpp:[m[K In member function â€˜[01m[Kvoid Imu::publishFilteredMsg(sensor_msgs::msg::Imu_<std::allocator<void> >::SharedPtr)[m[Kâ€™:
[18.612s] [01m[K/home/maroqi/Projects/RobotProjects/imu-test/imu_ws/src/imu_madgwick/src/imu_madgwick/imu.cpp:173:17:[m[K [01;31m[Kerror: [m[Kâ€˜[01m[Kclass std::shared_ptr<rclcpp::Publisher<sensor_msgs::msg::Imu_<std::allocator<void> > > >[m[Kâ€™ has no member named â€˜[01m[Kpublish[m[Kâ€™
[18.612s]   173 |   imu_publisher.[01;31m[Kpublish[m[K(imu_msg);
[18.613s]       |                 [01;31m[K^~~~~~~[m[K
[22.640s] make[2]: *** [CMakeFiles/imu_madgwick.dir/build.make:89: CMakeFiles/imu_madgwick.dir/src/imu_madgwick/imu.cpp.o] Error 1
[22.643s] make[1]: *** [CMakeFiles/Makefile2:78: CMakeFiles/imu_madgwick.dir/all] Error 2
[22.644s] make: *** [Makefile:141: all] Error 2
[22.657s] Invoked command in '/home/maroqi/Projects/RobotProjects/imu-test/imu_ws/build/imu_madgwick' returned '2': CMAKE_PREFIX_PATH=/opt/ros/foxy /usr/bin/cmake --build /home/maroqi/Projects/RobotProjects/imu-test/imu_ws/build/imu_madgwick -- -j2 -l2
