[0.051s] Invoking command in '/home/maroqi/Projects/RobotProjects/imu-test/imu_ws/build/imu_madgwick': CMAKE_PREFIX_PATH=/opt/ros/foxy /usr/bin/cmake --build /home/maroqi/Projects/RobotProjects/imu-test/imu_ws/build/imu_madgwick -- -j2 -l2
[0.337s] -- Found ament_cmake: 0.9.8 (/opt/ros/foxy/share/ament_cmake/cmake)
[0.442s] -- Using PYTHON_EXECUTABLE: /usr/bin/python3
[1.024s] -- Found rclcpp: 2.3.0 (/opt/ros/foxy/share/rclcpp/cmake)
[1.159s] -- Using all available rosidl_typesupport_c: rosidl_typesupport_fastrtps_c;rosidl_typesupport_introspection_c
[1.177s] -- Found rosidl_adapter: 1.2.0 (/opt/ros/foxy/share/rosidl_adapter/cmake)
[1.472s] -- Using all available rosidl_typesupport_cpp: rosidl_typesupport_fastrtps_cpp;rosidl_typesupport_introspection_cpp
[1.665s] -- Found rmw_implementation_cmake: 1.0.2 (/opt/ros/foxy/share/rmw_implementation_cmake/cmake)
[1.671s] -- Using RMW implementation 'rmw_fastrtps_cpp' as default
[2.151s] -- Found sensor_msgs: 2.0.3 (/opt/ros/foxy/share/sensor_msgs/cmake)
[2.486s] -- Found tf2: 0.13.9 (/opt/ros/foxy/share/tf2/cmake)
[2.523s] -- Found tf2_geometry_msgs: 0.13.9 (/opt/ros/foxy/share/tf2_geometry_msgs/cmake)
[2.547s] -- Found eigen3_cmake_module: 0.1.1 (/opt/ros/foxy/share/eigen3_cmake_module/cmake)
[3.671s] -- Found pluginlib: 2.5.3 (/opt/ros/foxy/share/pluginlib/cmake)
[3.723s] -- Found ament_lint_auto: 0.9.6 (/opt/ros/foxy/share/ament_lint_auto/cmake)
[3.991s] -- Added test 'copyright' to check source files copyright and LICENSE
[3.994s] -- Added test 'cppcheck' to perform static code analysis on C / C++ code
[3.996s] -- Configured cppcheck include dirs: $<BUILD_INTERFACE:/home/maroqi/Projects/RobotProjects/imu-test/imu_ws/src/imu_madgwick/include>
[3.996s] -- Configured cppcheck exclude dirs and/or files: 
[4.003s] -- Added test 'cpplint' to check C / C++ code against the Google style
[4.003s] -- Configured cpplint exclude dirs and/or files: 
[4.007s] -- Added test 'lint_cmake' to check CMake code style
[4.010s] -- Added test 'uncrustify' to check C / C++ code style
[4.010s] -- Configured uncrustify additional arguments: 
[4.012s] -- Added test 'xmllint' to check XML markup files
[4.028s] -- Configuring done
[4.093s] -- Generating done
[4.099s] -- Build files have been written to: /home/maroqi/Projects/RobotProjects/imu-test/imu_ws/build/imu_madgwick
[4.223s] [35m[1mScanning dependencies of target imu_madgwick[0m
[4.374s] [ 16%] [32mBuilding CXX object CMakeFiles/imu_madgwick.dir/src/imu_madgwick/imu_filter.cpp.o[0m
[5.279s] [ 33%] [32mBuilding CXX object CMakeFiles/imu_madgwick.dir/src/imu_madgwick/stateless_orientation.cpp.o[0m
[10.643s] [ 50%] [32mBuilding CXX object CMakeFiles/imu_madgwick.dir/src/imu_madgwick/imu.cpp.o[0m
[23.984s] [ 66%] [32m[1mLinking CXX static library libimu_madgwick.a[0m
[24.200s] [ 66%] Built target imu_madgwick
[24.222s] [35m[1mScanning dependencies of target imu_main[0m
[24.322s] [ 83%] [32mBuilding CXX object CMakeFiles/imu_main.dir/src/imu_main.cpp.o[0m
[27.781s] [01m[K/home/maroqi/Projects/RobotProjects/imu-test/imu_ws/src/imu_madgwick/src/imu_main.cpp:[m[K In function â€˜[01m[Kint main(int, char**)[m[Kâ€™:
[27.781s] [01m[K/home/maroqi/Projects/RobotProjects/imu-test/imu_ws/src/imu_madgwick/src/imu_main.cpp:10:36:[m[K [01;31m[Kerror: [m[Kâ€˜[01m[KMinimalSubscriber[m[Kâ€™ was not declared in this scope
[27.781s]    10 |   auto imu_main = std::make_shared<[01;31m[KMinimalSubscriber[m[K>("imu_main");
[27.782s]       |                                    [01;31m[K^~~~~~~~~~~~~~~~~[m[K
[27.782s] [01m[K/home/maroqi/Projects/RobotProjects/imu-test/imu_ws/src/imu_madgwick/src/imu_main.cpp:10:65:[m[K [01;31m[Kerror: [m[Kno matching function for call to â€˜[01m[Kmake_shared<<expression error> >(const char [9])[m[Kâ€™
[27.783s]    10 |   auto imu_main = std::make_shared<MinimalSubscriber>("imu_main"[01;31m[K)[m[K;
[27.783s]       |                                                                 [01;31m[K^[m[K
[27.783s] In file included from [01m[K/usr/include/c++/9/memory:81[m[K,
[27.784s]                  from [01m[K/home/maroqi/Projects/RobotProjects/imu-test/imu_ws/src/imu_madgwick/src/imu_main.cpp:2[m[K:
[27.784s] [01m[K/usr/include/c++/9/bits/shared_ptr.h:714:5:[m[K [01;36m[Knote: [m[Kcandidate: â€˜[01m[Ktemplate<class _Tp, class ... _Args> std::shared_ptr<_Tp> std::make_shared(_Args&& ...)[m[Kâ€™
[27.784s]   714 |     [01;36m[Kmake_shared[m[K(_Args&&... __args)
[27.784s]       |     [01;36m[K^~~~~~~~~~~[m[K
[27.790s] [01m[K/usr/include/c++/9/bits/shared_ptr.h:714:5:[m[K [01;36m[Knote: [m[K  template argument deduction/substitution failed:
[27.790s] [01m[K/home/maroqi/Projects/RobotProjects/imu-test/imu_ws/src/imu_madgwick/src/imu_main.cpp:10:65:[m[K [01;31m[Kerror: [m[Ktemplate argument 1 is invalid
[27.791s]    10 |   auto imu_main = std::make_shared<MinimalSubscriber>("imu_main"[01;31m[K)[m[K;
[27.791s]       |                                                                 [01;31m[K^[m[K
[28.702s] make[2]: *** [CMakeFiles/imu_main.dir/build.make:63: CMakeFiles/imu_main.dir/src/imu_main.cpp.o] Error 1
[28.702s] make[1]: *** [CMakeFiles/Makefile2:80: CMakeFiles/imu_main.dir/all] Error 2
[28.702s] make: *** [Makefile:141: all] Error 2
[28.709s] Invoked command in '/home/maroqi/Projects/RobotProjects/imu-test/imu_ws/build/imu_madgwick' returned '2': CMAKE_PREFIX_PATH=/opt/ros/foxy /usr/bin/cmake --build /home/maroqi/Projects/RobotProjects/imu-test/imu_ws/build/imu_madgwick -- -j2 -l2
