[35m[1mScanning dependencies of target imu_madgwick[0m
[ 12%] [32mBuilding CXX object CMakeFiles/imu_madgwick.dir/src/imu_madgwick/imu.cpp.o[0m
In file included from [01m[K/opt/ros/foxy/include/rclcpp/client.hpp:40[m[K,
                 from [01m[K/opt/ros/foxy/include/rclcpp/callback_group.hpp:23[m[K,
                 from [01m[K/opt/ros/foxy/include/rclcpp/any_executable.hpp:20[m[K,
                 from [01m[K/opt/ros/foxy/include/rclcpp/memory_strategy.hpp:24[m[K,
                 from [01m[K/opt/ros/foxy/include/rclcpp/memory_strategies.hpp:18[m[K,
                 from [01m[K/opt/ros/foxy/include/rclcpp/executor_options.hpp:20[m[K,
                 from [01m[K/opt/ros/foxy/include/rclcpp/executor.hpp:33[m[K,
                 from [01m[K/opt/ros/foxy/include/rclcpp/executors/multi_threaded_executor.hpp:25[m[K,
                 from [01m[K/opt/ros/foxy/include/rclcpp/executors.hpp:21[m[K,
                 from [01m[K/opt/ros/foxy/include/rclcpp/rclcpp.hpp:146[m[K,
                 from [01m[K/home/maroqi/Projects/RobotProjects/ROS2Projects/imu-test/imu_ws/src/imu_madgwick/src/imu_madgwick/imu.cpp:25[m[K:
[01m[K/home/maroqi/Projects/RobotProjects/ROS2Projects/imu-test/imu_ws/src/imu_madgwick/src/imu_madgwick/imu.cpp:[m[K In member function â€˜[01m[Kvoid Imu::publishFilteredMsg(sensor_msgs::msg::Imu_<std::allocator<void> >::SharedPtr)[m[Kâ€™:
[01m[K/home/maroqi/Projects/RobotProjects/ROS2Projects/imu-test/imu_ws/src/imu_madgwick/src/imu_madgwick/imu.cpp:124:52:[m[K [01;31m[Kerror: [m[Kâ€˜[01m[Kq1[m[Kâ€™ was not declared in this scope; did you mean â€˜[01m[Ky1[m[Kâ€™?
  124 |   RCLCPP_INFO(get_logger(), "q1 %f, q2 %f, q3 %f", [01;31m[Kq1[m[K, q2, q3);
      |                                                    [01;31m[K^~[m[K
[01m[K/home/maroqi/Projects/RobotProjects/ROS2Projects/imu-test/imu_ws/src/imu_madgwick/src/imu_madgwick/imu.cpp:124:56:[m[K [01;31m[Kerror: [m[Kâ€˜[01m[Kq2[m[Kâ€™ was not declared in this scope
  124 |   RCLCPP_INFO(get_logger(), "q1 %f, q2 %f, q3 %f", q1, [01;31m[Kq2[m[K, q3);
      |                                                        [01;31m[K^~[m[K
[01m[K/home/maroqi/Projects/RobotProjects/ROS2Projects/imu-test/imu_ws/src/imu_madgwick/src/imu_madgwick/imu.cpp:124:60:[m[K [01;31m[Kerror: [m[Kâ€˜[01m[Kq3[m[Kâ€™ was not declared in this scope
  124 |   RCLCPP_INFO(get_logger(), "q1 %f, q2 %f, q3 %f", q1, q2, [01;31m[Kq3[m[K);
      |                                                            [01;31m[K^~[m[K
[01m[K/home/maroqi/Projects/RobotProjects/ROS2Projects/imu-test/imu_ws/src/imu_madgwick/src/imu_madgwick/imu.cpp:128:27:[m[K [01;31m[Kerror: [m[Kâ€˜[01m[Kq0[m[Kâ€™ was not declared in this scope; did you mean â€˜[01m[Ky0[m[Kâ€™?
  128 |   imu_msg.orientation.w = [01;31m[Kq0[m[K;
      |                           [01;31m[K^~[m[K
      |                           [32m[Ky0[m[K
[01m[K/home/maroqi/Projects/RobotProjects/ROS2Projects/imu-test/imu_ws/src/imu_madgwick/src/imu_madgwick/imu.cpp:129:27:[m[K [01;31m[Kerror: [m[Kâ€˜[01m[Kq1[m[Kâ€™ was not declared in this scope; did you mean â€˜[01m[Ky1[m[Kâ€™?
  129 |   imu_msg.orientation.x = [01;31m[Kq1[m[K;
      |                           [01;31m[K^~[m[K
      |                           [32m[Ky1[m[K
[01m[K/home/maroqi/Projects/RobotProjects/ROS2Projects/imu-test/imu_ws/src/imu_madgwick/src/imu_madgwick/imu.cpp:130:27:[m[K [01;31m[Kerror: [m[Kâ€˜[01m[Kq2[m[Kâ€™ was not declared in this scope
  130 |   imu_msg.orientation.y = [01;31m[Kq2[m[K;
      |                           [01;31m[K^~[m[K
[01m[K/home/maroqi/Projects/RobotProjects/ROS2Projects/imu-test/imu_ws/src/imu_madgwick/src/imu_madgwick/imu.cpp:131:27:[m[K [01;31m[Kerror: [m[Kâ€˜[01m[Kq3[m[Kâ€™ was not declared in this scope
  131 |   imu_msg.orientation.z = [01;31m[Kq3[m[K;
      |                           [01;31m[K^~[m[K
make[2]: *** [CMakeFiles/imu_madgwick.dir/build.make:89: CMakeFiles/imu_madgwick.dir/src/imu_madgwick/imu.cpp.o] Error 1
make[1]: *** [CMakeFiles/Makefile2:136: CMakeFiles/imu_madgwick.dir/all] Error 2
make: *** [Makefile:141: all] Error 2
