[0.067s] Invoking command in '/home/maroqi/Projects/RobotProjects/ROS2Projects/imu-test/imu_ws/build/imu_complementary': CMAKE_PREFIX_PATH=${CMAKE_PREFIX_PATH}:/home/maroqi/Projects/RobotProjects/ROS2Projects/imu-test/imu_ws/install/wbt_imu:/opt/ros/foxy /usr/bin/cmake --build /home/maroqi/Projects/RobotProjects/ROS2Projects/imu-test/imu_ws/build/imu_complementary -- -j2 -l2
[0.276s] [35m[1mScanning dependencies of target imu_complementary[0m
[0.404s] [ 20%] [32mBuilding CXX object CMakeFiles/imu_complementary.dir/src/imu_complementary/imu.cpp.o[0m
[9.199s] [01m[K/home/maroqi/Projects/RobotProjects/ROS2Projects/imu-test/imu_ws/src/imu_complementary/src/imu_complementary/imu.cpp:[m[K In member function â€˜[01m[Kvoid imu_tools::Imu::imuCallback(sensor_msgs::msg::Imu_<std::allocator<void> >::SharedPtr)[m[Kâ€™:
[9.200s] [01m[K/home/maroqi/Projects/RobotProjects/ROS2Projects/imu-test/imu_ws/src/imu_complementary/src/imu_complementary/imu.cpp:88:69:[m[K [01;31m[Kerror: [m[Kexpected â€˜[01m[K;[m[Kâ€™ before â€˜[01m[Klin_acc[m[Kâ€™
[9.200s]    88 |  " << lin_acc.x << ", ay " << lin_acc.y << ", az "[01;31m[K [m[K[32m[Klin_acc[m[K.z << std::endl;
[9.200s]       |                                                   [01;31m[K^[m[K[32m[K~~~~~~~[m[K
[9.200s]       |                                                   [32m[K;[m[K
[9.204s] [01m[K/home/maroqi/Projects/RobotProjects/ROS2Projects/imu-test/imu_ws/src/imu_complementary/src/imu_complementary/imu.cpp:89:69:[m[K [01;31m[Kerror: [m[Kexpected â€˜[01m[K;[m[Kâ€™ before â€˜[01m[Kang_vel[m[Kâ€™
[9.205s]    89 |  " << ang_vel.x << ", gy " << ang_vel.y << ", gz "[01;31m[K [m[K[32m[Kang_vel[m[K.z << std::endl;
[9.205s]       |                                                   [01;31m[K^[m[K[32m[K~~~~~~~[m[K
[9.206s]       |                                                   [32m[K;[m[K
[9.210s] [01m[K/home/maroqi/Projects/RobotProjects/ROS2Projects/imu-test/imu_ws/src/imu_complementary/src/imu_complementary/imu.cpp:90:67:[m[K [01;31m[Kerror: [m[Kexpected â€˜[01m[K;[m[Kâ€™ before â€˜[01m[Korient[m[Kâ€™
[9.211s]    90 | qx " << orient.x << ", qy " << orient.y << ", qz "[01;31m[K [m[K[32m[Korient[m[K.z << std::endl;
[9.211s]       |                                                   [01;31m[K^[m[K[32m[K~~~~~~[m[K
[9.211s]       |                                                   [32m[K;[m[K
[9.226s] [01m[K/home/maroqi/Projects/RobotProjects/ROS2Projects/imu-test/imu_ws/src/imu_complementary/src/imu_complementary/imu.cpp:[m[K In member function â€˜[01m[Kvoid imu_tools::Imu::publish(sensor_msgs::msg::Imu_<std::allocator<void> >::SharedPtr)[m[Kâ€™:
[9.226s] [01m[K/home/maroqi/Projects/RobotProjects/ROS2Projects/imu-test/imu_ws/src/imu_complementary/src/imu_complementary/imu.cpp:139:66:[m[K [01;31m[Kerror: [m[Kexpected â€˜[01m[K;[m[Kâ€™ before â€˜[01m[Kyaw[m[Kâ€™
[9.228s]   139 | "roll " << roll << ", pitch " << pitch << ", yaw "[01;31m[K [m[K[32m[Kyaw[m[K << std::endl;
[9.228s]       |                                                   [01;31m[K^[m[K[32m[K~~~[m[K
[9.229s]       |                                                   [32m[K;[m[K
[18.482s] make[2]: *** [CMakeFiles/imu_complementary.dir/build.make:76: CMakeFiles/imu_complementary.dir/src/imu_complementary/imu.cpp.o] Error 1
[18.482s] make[1]: *** [CMakeFiles/Makefile2:134: CMakeFiles/imu_complementary.dir/all] Error 2
[18.482s] make: *** [Makefile:141: all] Error 2
[18.504s] Invoked command in '/home/maroqi/Projects/RobotProjects/ROS2Projects/imu-test/imu_ws/build/imu_complementary' returned '2': CMAKE_PREFIX_PATH=${CMAKE_PREFIX_PATH}:/home/maroqi/Projects/RobotProjects/ROS2Projects/imu-test/imu_ws/install/wbt_imu:/opt/ros/foxy /usr/bin/cmake --build /home/maroqi/Projects/RobotProjects/ROS2Projects/imu-test/imu_ws/build/imu_complementary -- -j2 -l2
