[0.038s] Invoking command in '/home/maroqi/Projects/RobotProjects/imu-test/imu_ws/build/imu_madgwick': CMAKE_PREFIX_PATH=/opt/ros/foxy /usr/bin/cmake --build /home/maroqi/Projects/RobotProjects/imu-test/imu_ws/build/imu_madgwick -- -j2 -l2
[0.233s] [35m[1mScanning dependencies of target imu_madgwick[0m
[0.357s] [ 25%] [32mBuilding CXX object CMakeFiles/imu_madgwick.dir/src/imu_madgwick/imu.cpp.o[0m
[4.310s] [01m[K/home/maroqi/Projects/RobotProjects/imu-test/imu_ws/src/imu_madgwick/src/imu_madgwick/imu.cpp:[m[K In lambda function:
[4.311s] [01m[K/home/maroqi/Projects/RobotProjects/imu-test/imu_ws/src/imu_madgwick/src/imu_madgwick/imu.cpp:65:7:[m[K [01;31m[Kerror: [m[Kâ€˜[01m[Kimu_frame[m[Kâ€™ was not declared in this scope
[4.311s]    65 |       [01;31m[Kimu_frame[m[K = imu_msg_raw->header.frame_id;
[4.311s]       |       [01;31m[K^~~~~~~~~[m[K
[4.318s] [01m[K/home/maroqi/Projects/RobotProjects/imu-test/imu_ws/src/imu_madgwick/src/imu_madgwick/imu.cpp:69:55:[m[K [01;31m[Kerror: [m[Kâ€˜[01m[Kworld_frame[m[Kâ€™ was not declared in this scope; did you mean â€˜[01m[KWorldFrame[m[Kâ€™?
[4.319s]    69 |         if (!StatelessOrientation::computeOrientation([01;31m[Kworld_frame[m[K, lin_acc, init_q)) {
[4.319s]       |                                                       [01;31m[K^~~~~~~~~~~[m[K
[4.319s]       |                                                       [32m[KWorldFrame[m[K
[4.362s] [01m[K/home/maroqi/Projects/RobotProjects/imu-test/imu_ws/src/imu_madgwick/src/imu_madgwick/imu.cpp:[m[K In member function â€˜[01m[Kvoid Imu::publishFilteredMsg(sensor_msgs::msg::Imu_<std::allocator<void> >::SharedPtr)[m[Kâ€™:
[4.363s] [01m[K/home/maroqi/Projects/RobotProjects/imu-test/imu_ws/src/imu_madgwick/src/imu_madgwick/imu.cpp:113:39:[m[K [01;31m[Kerror: [m[Kâ€˜[01m[Korientation_variance[m[Kâ€™ was not declared in this scope
[4.363s]   113 |   imu_msg.orientation_covariance[0] = [01;31m[Korientation_variance[m[K;
[4.363s]       |                                       [01;31m[K^~~~~~~~~~~~~~~~~~~~[m[K
[8.463s] make[2]: *** [CMakeFiles/imu_madgwick.dir/build.make:89: CMakeFiles/imu_madgwick.dir/src/imu_madgwick/imu.cpp.o] Error 1
[8.463s] make[1]: *** [CMakeFiles/Makefile2:78: CMakeFiles/imu_madgwick.dir/all] Error 2
[8.464s] make: *** [Makefile:141: all] Error 2
[8.474s] Invoked command in '/home/maroqi/Projects/RobotProjects/imu-test/imu_ws/build/imu_madgwick' returned '2': CMAKE_PREFIX_PATH=/opt/ros/foxy /usr/bin/cmake --build /home/maroqi/Projects/RobotProjects/imu-test/imu_ws/build/imu_madgwick -- -j2 -l2
