[0.086s] Invoking command in '/home/maroqi/Projects/RobotProjects/ROS2Projects/imu-test/imu_ws/build/imu_complementary': CMAKE_PREFIX_PATH=${CMAKE_PREFIX_PATH}:/home/maroqi/Projects/RobotProjects/ROS2Projects/imu-test/imu_ws/install/wbt_imu:/opt/ros/foxy /usr/bin/cmake --build /home/maroqi/Projects/RobotProjects/ROS2Projects/imu-test/imu_ws/build/imu_complementary -- -j2 -l2
[0.333s] [35m[1mScanning dependencies of target imu_complementary[0m
[0.470s] [ 20%] [32mBuilding CXX object CMakeFiles/imu_complementary.dir/src/imu_complementary/imu.cpp.o[0m
[9.094s] In file included from [01m[K/home/maroqi/Projects/RobotProjects/ROS2Projects/imu-test/imu_ws/src/imu_complementary/src/imu_complementary/imu.cpp:37[m[K:
[9.095s] [01m[K/home/maroqi/Projects/RobotProjects/ROS2Projects/imu-test/imu_ws/src/imu_complementary/include/imu_complementary/imu.hpp:61:18:[m[K [01;31m[Kerror: [m[Kinvalid use of incomplete type â€˜[01m[Kstd::ofstream[m[Kâ€™ {aka â€˜[01m[Kclass std::basic_ofstream<char>[m[Kâ€™}
[9.095s]    61 |   std::ofstream::[01;31m[Kofstream[m[K outdata;
[9.095s]       |                  [01;31m[K^~~~~~~~[m[K
[9.096s] In file included from [01m[K/usr/include/c++/9/memory:72[m[K,
[9.096s]                  from [01m[K/opt/ros/foxy/include/rosidl_runtime_cpp/bounded_vector.hpp:19[m[K,
[9.096s]                  from [01m[K/opt/ros/foxy/include/sensor_msgs/msg/detail/imu__struct.hpp:8[m[K,
[9.096s]                  from [01m[K/opt/ros/foxy/include/sensor_msgs/msg/imu.hpp:7[m[K,
[9.097s]                  from [01m[K/home/maroqi/Projects/RobotProjects/ROS2Projects/imu-test/imu_ws/src/imu_complementary/src/imu_complementary/imu.cpp:32[m[K:
[9.102s] [01m[K/usr/include/c++/9/iosfwd:119:11:[m[K [01;36m[Knote: [m[Kdeclaration of â€˜[01m[Kstd::ofstream[m[Kâ€™ {aka â€˜[01m[Kclass std::basic_ofstream<char>[m[Kâ€™}
[9.103s]   119 |     class [01;36m[Kbasic_ofstream[m[K;
[9.103s]       |           [01;36m[K^~~~~~~~~~~~~~[m[K
[9.337s] [01m[K/home/maroqi/Projects/RobotProjects/ROS2Projects/imu-test/imu_ws/src/imu_complementary/src/imu_complementary/imu.cpp:[m[K In constructor â€˜[01m[Kimu_tools::Imu::Imu(std::string)[m[Kâ€™:
[9.337s] [01m[K/home/maroqi/Projects/RobotProjects/ROS2Projects/imu-test/imu_ws/src/imu_complementary/src/imu_complementary/imu.cpp:60:3:[m[K [01;31m[Kerror: [m[Kâ€˜[01m[Koutdata[m[Kâ€™ was not declared in this scope
[9.337s]    60 |   [01;31m[Koutdata[m[K.open("complementary.txt");
[9.337s]       |   [01;31m[K^~~~~~~[m[K
[9.514s] [01m[K/home/maroqi/Projects/RobotProjects/ROS2Projects/imu-test/imu_ws/src/imu_complementary/src/imu_complementary/imu.cpp:[m[K In member function â€˜[01m[Kvoid imu_tools::Imu::imuCallback(sensor_msgs::msg::Imu_<std::allocator<void> >::SharedPtr)[m[Kâ€™:
[9.515s] [01m[K/home/maroqi/Projects/RobotProjects/ROS2Projects/imu-test/imu_ws/src/imu_complementary/src/imu_complementary/imu.cpp:88:5:[m[K [01;31m[Kerror: [m[Kâ€˜[01m[Koutdata[m[Kâ€™ was not declared in this scope
[9.515s]    88 |     [01;31m[Koutdata[m[K << "ax " << lin_acc.x << ", ay " << lin_acc.y ", az " lin_acc.z << std::endl;
[9.515s]       |     [01;31m[K^~~~~~~[m[K
[9.535s] [01m[K/home/maroqi/Projects/RobotProjects/ROS2Projects/imu-test/imu_ws/src/imu_complementary/src/imu_complementary/imu.cpp:[m[K In member function â€˜[01m[Kvoid imu_tools::Imu::publish(sensor_msgs::msg::Imu_<std::allocator<void> >::SharedPtr)[m[Kâ€™:
[9.535s] [01m[K/home/maroqi/Projects/RobotProjects/ROS2Projects/imu-test/imu_ws/src/imu_complementary/src/imu_complementary/imu.cpp:139:5:[m[K [01;31m[Kerror: [m[Kâ€˜[01m[Koutdata[m[Kâ€™ was not declared in this scope
[9.535s]   139 |     [01;31m[Koutdata[m[K << "roll " << roll << ", pitch " << pitch ", yaw " yaw << std::endl;
[9.535s]       |     [01;31m[K^~~~~~~[m[K
[9.543s] [01m[K/home/maroqi/Projects/RobotProjects/ROS2Projects/imu-test/imu_ws/src/imu_complementary/src/imu_complementary/imu.cpp:141:5:[m[K [01;31m[Kerror: [m[Kâ€˜[01m[Koutdata[m[Kâ€™ was not declared in this scope
[9.544s]   141 |     [01;31m[Koutdata[m[K.close();
[9.544s]       |     [01;31m[K^~~~~~~[m[K
[18.368s] make[2]: *** [CMakeFiles/imu_complementary.dir/build.make:76: CMakeFiles/imu_complementary.dir/src/imu_complementary/imu.cpp.o] Error 1
[18.369s] make[1]: *** [CMakeFiles/Makefile2:134: CMakeFiles/imu_complementary.dir/all] Error 2
[18.369s] make: *** [Makefile:141: all] Error 2
[18.377s] Invoked command in '/home/maroqi/Projects/RobotProjects/ROS2Projects/imu-test/imu_ws/build/imu_complementary' returned '2': CMAKE_PREFIX_PATH=${CMAKE_PREFIX_PATH}:/home/maroqi/Projects/RobotProjects/ROS2Projects/imu-test/imu_ws/install/wbt_imu:/opt/ros/foxy /usr/bin/cmake --build /home/maroqi/Projects/RobotProjects/ROS2Projects/imu-test/imu_ws/build/imu_complementary -- -j2 -l2
