In file included from [01m[K/home/maroqi/Projects/RobotProjects/ROS2Projects/imu-test/imu_ws/src/imu_complementary/src/imu_complementary/imu.cpp:37[m[K:
[01m[K/home/maroqi/Projects/RobotProjects/ROS2Projects/imu-test/imu_ws/src/imu_complementary/include/imu_complementary/imu.hpp:64:3:[m[K [01;31m[Kerror: [m[Kâ€˜[01m[Ktf[m[Kâ€™ does not name a type; did you mean â€˜[01m[Ktf2[m[Kâ€™?
   64 |   [01;31m[Ktf[m[K::Quaternion hamiltonToTFQuaternion(double q0, double q1, double q2, double q3) const;
      |   [01;31m[K^~[m[K
      |   [32m[Ktf2[m[K
[01m[K/home/maroqi/Projects/RobotProjects/ROS2Projects/imu-test/imu_ws/src/imu_complementary/src/imu_complementary/imu.cpp:[m[K In constructor â€˜[01m[Kimu_tools::Imu::Imu(std::string)[m[Kâ€™:
[01m[K/home/maroqi/Projects/RobotProjects/ROS2Projects/imu-test/imu_ws/src/imu_complementary/src/imu_complementary/imu.cpp:54:3:[m[K [01;31m[Kerror: [m[Kâ€˜[01m[Kfixed_frame_[m[Kâ€™ was not declared in this scope; did you mean â€˜[01m[Kfixed_frame[m[Kâ€™?
   54 |   [01;31m[Kfixed_frame_[m[K = "odom";
      |   [01;31m[K^~~~~~~~~~~~[m[K
      |   [32m[Kfixed_frame[m[K
[01m[K/home/maroqi/Projects/RobotProjects/ROS2Projects/imu-test/imu_ws/src/imu_complementary/src/imu_complementary/imu.cpp:55:3:[m[K [01;31m[Kerror: [m[Kâ€˜[01m[Kconstant_dt_[m[Kâ€™ was not declared in this scope; did you mean â€˜[01m[Kconstant_dt[m[Kâ€™?
   55 |   [01;31m[Kconstant_dt_[m[K = 0.0;
      |   [01;31m[K^~~~~~~~~~~~[m[K
      |   [32m[Kconstant_dt[m[K
[01m[K/home/maroqi/Projects/RobotProjects/ROS2Projects/imu-test/imu_ws/src/imu_complementary/src/imu_complementary/imu.cpp:57:30:[m[K [01;31m[Kerror: [m[Kâ€˜[01m[Kdo_bias_estimation[m[Kâ€™ was not declared in this scope
   57 |   filter.setDoBiasEstimation([01;31m[Kdo_bias_estimation[m[K);
      |                              [01;31m[K^~~~~~~~~~~~~~~~~~[m[K
[01m[K/home/maroqi/Projects/RobotProjects/ROS2Projects/imu-test/imu_ws/src/imu_complementary/src/imu_complementary/imu.cpp:58:28:[m[K [01;31m[Kerror: [m[Kâ€˜[01m[Kdo_adaptive_gain[m[Kâ€™ was not declared in this scope
   58 |   filter.setDoAdaptiveGain([01;31m[Kdo_adaptive_gain[m[K);
      |                            [01;31m[K^~~~~~~~~~~~~~~~[m[K
[01m[K/home/maroqi/Projects/RobotProjects/ROS2Projects/imu-test/imu_ws/src/imu_complementary/src/imu_complementary/imu.cpp:61:5:[m[K [01;31m[Kerror: [m[Kâ€˜[01m[KROS_WARN[m[Kâ€™ was not declared in this scope
   61 |     [01;31m[KROS_WARN[m[K("Invalid gain_acc passed to ComplementaryFilter.");
      |     [01;31m[K^~~~~~~~[m[K
[01m[K/home/maroqi/Projects/RobotProjects/ROS2Projects/imu-test/imu_ws/src/imu_complementary/src/imu_complementary/imu.cpp:64:5:[m[K [01;31m[Kerror: [m[Kâ€˜[01m[KROS_WARN[m[Kâ€™ was not declared in this scope
   64 |     [01;31m[KROS_WARN[m[K("Invalid bias_alpha passed to ComplementaryFilter.");
      |     [01;31m[K^~~~~~~~[m[K
[01m[K/home/maroqi/Projects/RobotProjects/ROS2Projects/imu-test/imu_ws/src/imu_complementary/src/imu_complementary/imu.cpp:[m[K At global scope:
[01m[K/home/maroqi/Projects/RobotProjects/ROS2Projects/imu-test/imu_ws/src/imu_complementary/src/imu_complementary/imu.cpp:73:6:[m[K [01;31m[Kerror: [m[Kâ€˜[01m[KImu[m[Kâ€™ has not been declared
   73 | void [01;31m[KImu[m[K::imuCallback(const sensor_msgs::msg::Imu::SharedPtr imu_msg_raw) {
      |      [01;31m[K^~~[m[K
[01m[K/home/maroqi/Projects/RobotProjects/ROS2Projects/imu-test/imu_ws/src/imu_complementary/src/imu_complementary/imu.cpp:[m[K In function â€˜[01m[Kvoid imuCallback(sensor_msgs::msg::Imu_<std::allocator<void> >::SharedPtr)[m[Kâ€™:
[01m[K/home/maroqi/Projects/RobotProjects/ROS2Projects/imu-test/imu_ws/src/imu_complementary/src/imu_complementary/imu.cpp:74:24:[m[K [01;31m[Kerror: [m[Kâ€˜[01m[KVector3[m[Kâ€™ in namespace â€˜[01m[Kgeometry_msgs[m[Kâ€™ does not name a type
   74 |   const geometry_msgs::[01;31m[KVector3[m[K& a = imu_msg_raw->linear_acceleration;
      |                        [01;31m[K^~~~~~~[m[K
[01m[K/home/maroqi/Projects/RobotProjects/ROS2Projects/imu-test/imu_ws/src/imu_complementary/src/imu_complementary/imu.cpp:75:24:[m[K [01;31m[Kerror: [m[Kâ€˜[01m[KVector3[m[Kâ€™ in namespace â€˜[01m[Kgeometry_msgs[m[Kâ€™ does not name a type
   75 |   const geometry_msgs::[01;31m[KVector3[m[K& w = imu_msg_raw->angular_velocity;
      |                        [01;31m[K^~~~~~~[m[K
[01m[K/home/maroqi/Projects/RobotProjects/ROS2Projects/imu-test/imu_ws/src/imu_complementary/src/imu_complementary/imu.cpp:76:9:[m[K [01;31m[Kerror: [m[Kâ€˜[01m[Kros[m[Kâ€™ does not name a type; did you mean â€˜[01m[Kcos[m[Kâ€™?
   76 |   const [01;31m[Kros[m[K::Time& time = imu_msg_raw->header.stamp;
      |         [01;31m[K^~~[m[K
      |         [32m[Kcos[m[K
[01m[K/home/maroqi/Projects/RobotProjects/ROS2Projects/imu-test/imu_ws/src/imu_complementary/src/imu_complementary/imu.cpp:78:8:[m[K [01;31m[Kerror: [m[Kâ€˜[01m[Kinitialized_filter[m[Kâ€™ was not declared in this scope
   78 |   if (![01;31m[Kinitialized_filter[m[K)
      |        [01;31m[K^~~~~~~~~~~~~~~~~~[m[K
[01m[K/home/maroqi/Projects/RobotProjects/ROS2Projects/imu-test/imu_ws/src/imu_complementary/src/imu_complementary/imu.cpp:80:5:[m[K [01;31m[Kerror: [m[Kâ€˜[01m[Ktime_prev[m[Kâ€™ was not declared in this scope; did you mean â€˜[01m[Ktimespec[m[Kâ€™?
   80 |     [01;31m[Ktime_prev[m[K = time;
      |     [01;31m[K^~~~~~~~~[m[K
      |     [32m[Ktimespec[m[K
[01m[K/home/maroqi/Projects/RobotProjects/ROS2Projects/imu-test/imu_ws/src/imu_complementary/src/imu_complementary/imu.cpp:81:5:[m[K [01;31m[Kerror: [m[Kâ€˜[01m[Kinitialized_filter_[m[Kâ€™ was not declared in this scope
   81 |     [01;31m[Kinitialized_filter_[m[K = true;
      |     [01;31m[K^~~~~~~~~~~~~~~~~~~[m[K
[01m[K/home/maroqi/Projects/RobotProjects/ROS2Projects/imu-test/imu_ws/src/imu_complementary/src/imu_complementary/imu.cpp:85:23:[m[K [01;31m[Kerror: [m[Kâ€˜[01m[Ktime_prev[m[Kâ€™ was not declared in this scope; did you mean â€˜[01m[Ktimespec[m[Kâ€™?
   85 |   double dt = (time - [01;31m[Ktime_prev[m[K).seconds();
      |                       [01;31m[K^~~~~~~~~[m[K
      |                       [32m[Ktimespec[m[K
[01m[K/home/maroqi/Projects/RobotProjects/ROS2Projects/imu-test/imu_ws/src/imu_complementary/src/imu_complementary/imu.cpp:86:3:[m[K [01;31m[Kerror: [m[Kâ€˜[01m[Ktime_prev_[m[Kâ€™ was not declared in this scope; did you mean â€˜[01m[Ktimespec[m[Kâ€™?
   86 |   [01;31m[Ktime_prev_[m[K = time;
      |   [01;31m[K^~~~~~~~~~[m[K
      |   [32m[Ktimespec[m[K
[01m[K/home/maroqi/Projects/RobotProjects/ROS2Projects/imu-test/imu_ws/src/imu_complementary/src/imu_complementary/imu.cpp:88:3:[m[K [01;31m[Kerror: [m[Kâ€˜[01m[Kfilter[m[Kâ€™ was not declared in this scope
   88 |   [01;31m[Kfilter[m[K.update(a.x, a.y, a.z, w.x, w.y, w.z, dt);
      |   [01;31m[K^~~~~~[m[K
[01m[K/home/maroqi/Projects/RobotProjects/ROS2Projects/imu-test/imu_ws/src/imu_complementary/src/imu_complementary/imu.cpp:88:17:[m[K [01;31m[Kerror: [m[Kâ€˜[01m[Ka[m[Kâ€™ was not declared in this scope
   88 |   filter.update([01;31m[Ka[m[K.x, a.y, a.z, w.x, w.y, w.z, dt);
      |                 [01;31m[K^[m[K
[01m[K/home/maroqi/Projects/RobotProjects/ROS2Projects/imu-test/imu_ws/src/imu_complementary/src/imu_complementary/imu.cpp:88:32:[m[K [01;31m[Kerror: [m[Kâ€˜[01m[Kw[m[Kâ€™ was not declared in this scope
   88 |   filter.update(a.x, a.y, a.z, [01;31m[Kw[m[K.x, w.y, w.z, dt);
      |                                [01;31m[K^[m[K
[01m[K/home/maroqi/Projects/RobotProjects/ROS2Projects/imu-test/imu_ws/src/imu_complementary/src/imu_complementary/imu.cpp:90:3:[m[K [01;31m[Kerror: [m[Kâ€˜[01m[Kpublish[m[Kâ€™ was not declared in this scope; did you mean â€˜[01m[Krcl_publish[m[Kâ€™?
   90 |   [01;31m[Kpublish[m[K(imu_msg_raw);
      |   [01;31m[K^~~~~~~[m[K
      |   [32m[Krcl_publish[m[K
[01m[K/home/maroqi/Projects/RobotProjects/ROS2Projects/imu-test/imu_ws/src/imu_complementary/src/imu_complementary/imu.cpp:[m[K At global scope:
[01m[K/home/maroqi/Projects/RobotProjects/ROS2Projects/imu-test/imu_ws/src/imu_complementary/src/imu_complementary/imu.cpp:93:1:[m[K [01;31m[Kerror: [m[Kâ€˜[01m[Ktf[m[Kâ€™ does not name a type; did you mean â€˜[01m[Ktf2[m[Kâ€™?
   93 | [01;31m[Ktf[m[K::Quaternion Imu::hamiltonToTFQuaternion(
      | [01;31m[K^~[m[K
      | [32m[Ktf2[m[K
[01m[K/home/maroqi/Projects/RobotProjects/ROS2Projects/imu-test/imu_ws/src/imu_complementary/src/imu_complementary/imu.cpp:98:6:[m[K [01;31m[Kerror: [m[Kâ€˜[01m[KImu[m[Kâ€™ has not been declared
   98 | void [01;31m[KImu[m[K::publish(const sensor_msgs::msg::Imu::SharedPtr imu_msg_raw) {
      |      [01;31m[K^~~[m[K
[01m[K/home/maroqi/Projects/RobotProjects/ROS2Projects/imu-test/imu_ws/src/imu_complementary/src/imu_complementary/imu.cpp:[m[K In function â€˜[01m[Kvoid publish(sensor_msgs::msg::Imu_<std::allocator<void> >::SharedPtr)[m[Kâ€™:
[01m[K/home/maroqi/Projects/RobotProjects/ROS2Projects/imu-test/imu_ws/src/imu_complementary/src/imu_complementary/imu.cpp:100:3:[m[K [01;31m[Kerror: [m[Kâ€˜[01m[Kfilter[m[Kâ€™ was not declared in this scope
  100 |   [01;31m[Kfilter[m[K.getOrientation(q0, q1, q2, q3);
      |   [01;31m[K^~~~~~[m[K
[01m[K/home/maroqi/Projects/RobotProjects/ROS2Projects/imu-test/imu_ws/src/imu_complementary/src/imu_complementary/imu.cpp:101:3:[m[K [01;31m[Kerror: [m[Kâ€˜[01m[Ktf[m[Kâ€™ has not been declared
  101 |   [01;31m[Ktf[m[K::Quaternion q = hamiltonToTFQuaternion(q0, q1, q2, q3);
      |   [01;31m[K^~[m[K
[01m[K/home/maroqi/Projects/RobotProjects/ROS2Projects/imu-test/imu_ws/src/imu_complementary/src/imu_complementary/imu.cpp:104:3:[m[K [01;31m[Kerror: [m[Kâ€˜[01m[Ktf[m[Kâ€™ has not been declared
  104 |   [01;31m[Ktf[m[K::quaternionTFToMsg(q, imu_msg->orientation);
      |   [01;31m[K^~[m[K
[01m[K/home/maroqi/Projects/RobotProjects/ROS2Projects/imu-test/imu_ws/src/imu_complementary/src/imu_complementary/imu.cpp:104:25:[m[K [01;31m[Kerror: [m[Kâ€˜[01m[Kq[m[Kâ€™ was not declared in this scope; did you mean â€˜[01m[Kq3[m[Kâ€™?
  104 |   tf::quaternionTFToMsg([01;31m[Kq[m[K, imu_msg->orientation);
      |                         [01;31m[K^[m[K
      |                         [32m[Kq3[m[K
In file included from [01m[K/opt/ros/foxy/include/rclcpp/service.hpp:34[m[K,
                 from [01m[K/opt/ros/foxy/include/rclcpp/callback_group.hpp:25[m[K,
                 from [01m[K/opt/ros/foxy/include/rclcpp/any_executable.hpp:20[m[K,
                 from [01m[K/opt/ros/foxy/include/rclcpp/memory_strategy.hpp:24[m[K,
                 from [01m[K/opt/ros/foxy/include/rclcpp/memory_strategies.hpp:18[m[K,
                 from [01m[K/opt/ros/foxy/include/rclcpp/executor_options.hpp:20[m[K,
                 from [01m[K/opt/ros/foxy/include/rclcpp/executor.hpp:33[m[K,
                 from [01m[K/opt/ros/foxy/include/rclcpp/executors/multi_threaded_executor.hpp:25[m[K,
                 from [01m[K/opt/ros/foxy/include/rclcpp/executors.hpp:21[m[K,
                 from [01m[K/opt/ros/foxy/include/rclcpp/rclcpp.hpp:146[m[K,
                 from [01m[K/home/maroqi/Projects/RobotProjects/ROS2Projects/imu-test/imu_ws/src/imu_complementary/include/imu_complementary/imu.hpp:35[m[K,
                 from [01m[K/home/maroqi/Projects/RobotProjects/ROS2Projects/imu-test/imu_ws/src/imu_complementary/src/imu_complementary/imu.cpp:37[m[K:
[01m[K/home/maroqi/Projects/RobotProjects/ROS2Projects/imu-test/imu_ws/src/imu_complementary/src/imu_complementary/imu.cpp:128:15:[m[K [01;31m[Kerror: [m[Kâ€˜[01m[Kget_logger[m[Kâ€™ was not declared in this scope; did you mean â€˜[01m[Krclcpp::get_logger[m[Kâ€™?
  128 |   RCLCPP_INFO([01;31m[Kget_logger[m[K(), "Roll %f, Pitch %f, Yaw %f", roll, pitch, yaw);
      |               [01;31m[K^~~~~~~~~~[m[K
In file included from [01m[K/opt/ros/foxy/include/rclcpp/logging.hpp:23[m[K,
                 from [01m[K/opt/ros/foxy/include/rclcpp/service.hpp:34[m[K,
                 from [01m[K/opt/ros/foxy/include/rclcpp/callback_group.hpp:25[m[K,
                 from [01m[K/opt/ros/foxy/include/rclcpp/any_executable.hpp:20[m[K,
                 from [01m[K/opt/ros/foxy/include/rclcpp/memory_strategy.hpp:24[m[K,
                 from [01m[K/opt/ros/foxy/include/rclcpp/memory_strategies.hpp:18[m[K,
                 from [01m[K/opt/ros/foxy/include/rclcpp/executor_options.hpp:20[m[K,
                 from [01m[K/opt/ros/foxy/include/rclcpp/executor.hpp:33[m[K,
                 from [01m[K/opt/ros/foxy/include/rclcpp/executors/multi_threaded_executor.hpp:25[m[K,
                 from [01m[K/opt/ros/foxy/include/rclcpp/executors.hpp:21[m[K,
                 from [01m[K/opt/ros/foxy/include/rclcpp/rclcpp.hpp:146[m[K,
                 from [01m[K/home/maroqi/Projects/RobotProjects/ROS2Projects/imu-test/imu_ws/src/imu_complementary/include/imu_complementary/imu.hpp:35[m[K,
                 from [01m[K/home/maroqi/Projects/RobotProjects/ROS2Projects/imu-test/imu_ws/src/imu_complementary/src/imu_complementary/imu.cpp:37[m[K:
[01m[K/opt/ros/foxy/include/rclcpp/logger.hpp:80:17:[m[K [01;36m[Knote: [m[Kâ€˜[01m[Krclcpp::get_logger[m[Kâ€™ declared here
   80 |   friend Logger [01;36m[Krclcpp[m[K::get_logger(const std::string & name);
      |                 [01;36m[K^~~~~~[m[K
In file included from [01m[K/opt/ros/foxy/include/rclcpp/service.hpp:34[m[K,
                 from [01m[K/opt/ros/foxy/include/rclcpp/callback_group.hpp:25[m[K,
                 from [01m[K/opt/ros/foxy/include/rclcpp/any_executable.hpp:20[m[K,
                 from [01m[K/opt/ros/foxy/include/rclcpp/memory_strategy.hpp:24[m[K,
                 from [01m[K/opt/ros/foxy/include/rclcpp/memory_strategies.hpp:18[m[K,
                 from [01m[K/opt/ros/foxy/include/rclcpp/executor_options.hpp:20[m[K,
                 from [01m[K/opt/ros/foxy/include/rclcpp/executor.hpp:33[m[K,
                 from [01m[K/opt/ros/foxy/include/rclcpp/executors/multi_threaded_executor.hpp:25[m[K,
                 from [01m[K/opt/ros/foxy/include/rclcpp/executors.hpp:21[m[K,
                 from [01m[K/opt/ros/foxy/include/rclcpp/rclcpp.hpp:146[m[K,
                 from [01m[K/home/maroqi/Projects/RobotProjects/ROS2Projects/imu-test/imu_ws/src/imu_complementary/include/imu_complementary/imu.hpp:35[m[K,
                 from [01m[K/home/maroqi/Projects/RobotProjects/ROS2Projects/imu-test/imu_ws/src/imu_complementary/src/imu_complementary/imu.cpp:37[m[K:
[01m[K/home/maroqi/Projects/RobotProjects/ROS2Projects/imu-test/imu_ws/src/imu_complementary/src/imu_complementary/imu.cpp:128:3:[m[K [01;31m[Kerror: [m[Ktemplate argument 1 is invalid
  128 |   [01;31m[KRCLCPP_INFO[m[K(get_logger(), "Roll %f, Pitch %f, Yaw %f", roll, pitch, yaw);
      |   [01;31m[K^~~~~~~~~~~[m[K
[01m[K/home/maroqi/Projects/RobotProjects/ROS2Projects/imu-test/imu_ws/src/imu_complementary/src/imu_complementary/imu.cpp:128:3:[m[K [01;31m[Kerror: [m[Ktemplate argument 1 is invalid
  128 |   [01;31m[KRCLCPP_INFO[m[K(get_logger(), "Roll %f, Pitch %f, Yaw %f", roll, pitch, yaw);
      |   [01;31m[K^~~~~~~~~~~[m[K
[01m[K/home/maroqi/Projects/RobotProjects/ROS2Projects/imu-test/imu_ws/src/imu_complementary/src/imu_complementary/imu.cpp:128:3:[m[K [01;31m[Kerror: [m[Ktemplate argument 1 is invalid
  128 |   [01;31m[KRCLCPP_INFO[m[K(get_logger(), "Roll %f, Pitch %f, Yaw %f", roll, pitch, yaw);
      |   [01;31m[K^~~~~~~~~~~[m[K
[01m[K/home/maroqi/Projects/RobotProjects/ROS2Projects/imu-test/imu_ws/src/imu_complementary/src/imu_complementary/imu.cpp:[m[K At global scope:
[01m[K/home/maroqi/Projects/RobotProjects/ROS2Projects/imu-test/imu_ws/src/imu_complementary/src/imu_complementary/imu.cpp:131:1:[m[K [01;31m[Kerror: [m[Kexpected declaration before â€˜[01m[K}[m[Kâ€™ token
  131 | [01;31m[K}[m[K  // namespace imu_tools
      | [01;31m[K^[m[K
make[2]: *** [CMakeFiles/imu_complementary.dir/build.make:76: CMakeFiles/imu_complementary.dir/src/imu_complementary/imu.cpp.o] Error 1
make[1]: *** [CMakeFiles/Makefile2:134: CMakeFiles/imu_complementary.dir/all] Error 2
make: *** [Makefile:141: all] Error 2
